<?xml version="1.0" encoding="UTF-8"?>
<TestRun id="101678d0-6c36-435d-abfa-772e70212327" name="manekovskiy@A1COMP1 2011-03-26 13:19:18" runUser="STEP\manekovskiy" xmlns="http://microsoft.com/schemas/VisualStudio/TeamTest/2010">
  <TestSettings name="Local" id="5004994d-31e5-4c57-8d6e-7c87a6d20541">
    <Description>These are default test settings for a local test run.</Description>
    <Deployment userDeploymentRoot="D:\MAS\13НС9-1С\02-UserDirs\Manekovskiy\Software Testing\GoogleCalculatorTests\TestResults" useDefaultDeploymentRoot="false" enabled="false" runDeploymentRoot="manekovskiy_A1COMP1 2011-03-26 13_19_18" />
    <Execution>
      <TestTypeSpecific />
      <AgentRule name="Execution Agents">
      </AgentRule>
    </Execution>
  </TestSettings>
  <Times creation="2011-03-26T13:19:18.7656232+02:00" queuing="2011-03-26T13:19:18.7656232+02:00" start="2011-03-26T13:19:18.7812480+02:00" finish="2011-03-26T13:19:39.3903592+02:00" />
  <ResultSummary outcome="Failed">
    <Counters total="1" executed="1" error="0" failed="1" timeout="0" aborted="0" inconclusive="0" passedButRunAborted="0" notRunnable="0" notExecuted="0" disconnected="0" warning="0" passed="0" completed="0" inProgress="0" pending="0" />
  </ResultSummary>
  <TestDefinitions>
    <UnitTest name="CodedUITestMethod1" storage="d:\mas\13нс9-1с\02-userdirs\manekovskiy\software testing\googlecalculatortests\bin\debug\googlecalculatortests.dll" id="f9262658-12ec-3d0f-ba5a-d3a1d4780f9c">
      <Execution id="9840de9a-7cdf-47d8-9512-f12b17f9e9a3" />
      <TestMethod codeBase="D:/MAS/13НС9-1С/02-UserDirs/Manekovskiy/Software Testing/GoogleCalculatorTests/bin/Debug/GoogleCalculatorTests.DLL" adapterTypeName="Microsoft.VisualStudio.TestTools.TestTypes.Unit.UnitTestAdapter, Microsoft.VisualStudio.QualityTools.Tips.UnitTest.Adapter, Version=10.0.0.0, Culture=neutral, PublicKeyToken=b03f5f7f11d50a3a" className="GoogleCalculatorTests.CodedUITest1, GoogleCalculatorTests, Version=1.0.0.0, Culture=neutral, PublicKeyToken=null" name="CodedUITestMethod1" />
      <Extension>Microsoft.VisualStudio.TestTools.UITesting.CodedUITestAttribute, Microsoft.VisualStudio.QualityTools.CodedUITestFramework, Version=10.0.0.0, Culture=neutral, PublicKeyToken=b03f5f7f11d50a3a</Extension>
    </UnitTest>
  </TestDefinitions>
  <TestLists>
    <TestList name="Results Not in a List" id="8c84fa94-04c1-424b-9868-57a2d4851a1d" />
    <TestList name="All Loaded Results" id="19431567-8539-422a-85d7-44ee4e166bda" />
  </TestLists>
  <TestEntries>
    <TestEntry testId="f9262658-12ec-3d0f-ba5a-d3a1d4780f9c" executionId="9840de9a-7cdf-47d8-9512-f12b17f9e9a3" testListId="8c84fa94-04c1-424b-9868-57a2d4851a1d" />
  </TestEntries>
  <Results>
    <UnitTestResult executionId="9840de9a-7cdf-47d8-9512-f12b17f9e9a3" testId="f9262658-12ec-3d0f-ba5a-d3a1d4780f9c" testName="CodedUITestMethod1" computerName="A1COMP1" duration="00:00:20.1864313" startTime="2011-03-26T13:19:18.8124976+02:00" endTime="2011-03-26T13:19:39.3434848+02:00" testType="13cdc9d9-ddb5-4fa4-a97d-d965ccfc6d4b" outcome="Failed" testListId="8c84fa94-04c1-424b-9868-57a2d4851a1d" relativeResultsDirectory="9840de9a-7cdf-47d8-9512-f12b17f9e9a3">
      <Output>
        <DebugTrace>W, 3824, 50, 2011/03/26, 13:19:19.546, 37788643978700, QTAgent32.exe, Value in en-US resource 'Развернуть' does not match the defaultvalue 'Maximize'
W, 3824, 50, 2011/03/26, 13:19:19.546, 37788647204526, QTAgent32.exe, Value in en-US resource 'Восстановить' does not match the defaultvalue 'Restore'
W, 3824, 50, 2011/03/26, 13:19:19.562, 37788682362235, QTAgent32.exe, Value in en-US resource 'Назад' does not match the defaultvalue 'Back'
W, 3824, 50, 2011/03/26, 13:19:19.562, 37788683202683, QTAgent32.exe, Value in en-US resource 'Вперед' does not match the defaultvalue 'Forward'
W, 3824, 50, 2011/03/26, 13:19:19.562, 37788683861359, QTAgent32.exe, Value in en-US resource 'Обновить (F5)' does not match the defaultvalue 'Refresh (F5)'
W, 3824, 50, 2011/03/26, 13:19:19.562, 37788684525123, QTAgent32.exe, Value in en-US resource 'Остановить (Esc)' does not match the defaultvalue 'Stop (Esc)'
W, 3824, 50, 2011/03/26, 13:19:19.562, 37788685195744, QTAgent32.exe, Value in en-US resource 'Адрес' does not match the defaultvalue 'Address'
W, 3824, 50, 2011/03/26, 13:19:19.562, 37788686045035, QTAgent32.exe, Value in en-US resource 'Показать автозаполнение адресной строки' does not match the defaultvalue 'Show Address Bar Autocomplete'
W, 3824, 50, 2011/03/26, 13:19:19.562, 37788686764019, QTAgent32.exe, Value in en-US resource 'Выбор файла для выгрузки' does not match the defaultvalue 'Choose file'
W, 3824, 50, 2011/03/26, 13:19:19.578, 37788685830632, QTAgent32.exe, Value in en-US resource 'Фильтр Microsoft SmartScreen' does not match the defaultvalue 'Microsoft Phishing Filter'
W, 3824, 50, 2011/03/26, 13:19:19.578, 37788687054596, QTAgent32.exe, Value in en-US resource 'Автозаполнение' does not match the defaultvalue 'AutoComplete'
W, 3824, 50, 2011/03/26, 13:19:19.578, 37788687831051, QTAgent32.exe, Value in en-US resource 'Автозаполнение паролей' does not match the defaultvalue 'AutoComplete Passwords'
E, 3824, 50, 2011/03/26, 13:19:19.578, 37788688986694, QTAgent32.exe, LoadLibrary() : Unable to find the resource 37382 from assembly C:\WINDOWS\system32\ru-RU\ieframe.dll.mui: Error1814
W, 3824, 50, 2011/03/26, 13:19:19.578, 37788690483983, QTAgent32.exe, Value in en-US resource 'Сообщение с веб-страницы' does not match the defaultvalue 'Message from webpage'
E, 3824, 50, 2011/03/26, 13:19:19.578, 37788690981595, QTAgent32.exe, LoadLibrary() : Unable to find the resource 41728 from assembly C:\WINDOWS\system32\ru-RU\ieframe.dll.mui: Error1814
W, 3824, 50, 2011/03/26, 13:19:19.578, 37788691777446, QTAgent32.exe, Value in en-US resource 'Запрос пользователю' does not match the defaultvalue 'Explorer User Prompt'
W, 3824, 50, 2011/03/26, 13:19:19.578, 37788692538066, QTAgent32.exe, Value in en-US resource 'Отмена' does not match the defaultvalue 'Cancel'
W, 3824, 50, 2011/03/26, 13:19:19.578, 37788693178027, QTAgent32.exe, Value in en-US resource 'Закрыть' does not match the defaultvalue 'Close'
W, 3824, 50, 2011/03/26, 13:19:19.578, 37788693929142, QTAgent32.exe, Value in en-US resource 'ОК' does not match the defaultvalue 'OK'
W, 3824, 50, 2011/03/26, 13:19:19.578, 37788694592190, QTAgent32.exe, Value in en-US resource 'Предупреждение о безопасности' does not match the defaultvalue 'Security Warning'
E, 3824, 50, 2011/03/26, 13:19:19.578, 37788694956602, QTAgent32.exe, LoadIEStrings() - Could not find user32 resource assembly in uk-UA or ru-RU
W, 3824, 50, 2011/03/26, 13:19:19.874, 37789463913935, QTAgent32.exe, Playback - [WARNING] Internal warning: Window Not Found: ControlType='Window' &amp;&amp; Name='http://www.microsoft.com/isapi/redir.dll?prd=ie&amp;pver=6&amp;ar=msnhome - Windows Internet Explorer' &amp;&amp; ClassName='IEFrame'
\0
E, 3824, 50, 2011/03/26, 13:19:19.874, 37789464472877, QTAgent32.exe, &lt;a class=failure&gt;Playback - {1} [FAILED] Function ElementFetcher::FindScreenElement failed to locate UI element (Searching: ;ControlType='Window' &amp;&amp; Name='http://www.microsoft.com/isapi/redir.dll?prd=ie&amp;pver=6&amp;ar=msnhome - Windows Internet Explorer' &amp;&amp; ClassName='IEFrame') (Указанный объект не найден.)
\0&lt;/a&gt;
E, 3824, 50, 2011/03/26, 13:19:19.968, 37789667645068, QTAgent32.exe, Playback - [IMAGE] C:\Documents and Settings\manekovskiy\Local Settings\Temp\UITestLogs\LastRun\RPF53B.png
\0
W, 3824, 50, 2011/03/26, 13:19:19.968, 37789668261376, QTAgent32.exe, Playback - [WARNING] Internal warning: Couldn't find descendants that match QueryId
\0
W, 3824, 50, 2011/03/26, 13:19:19.984, 37789728593736, QTAgent32.exe, Playback - [WARNING] Internal warning: Window Not Found: ControlType='Window' &amp;&amp; Name='http://www.microsoft.com/isapi/redir.dll?prd=ie&amp;pver=6&amp;ar=msnhome - Windows Internet Explorer' &amp;&amp; ClassName='IEFrame'
\0
E, 3824, 50, 2011/03/26, 13:19:19.984, 37789729177523, QTAgent32.exe, &lt;a class=failure&gt;Playback - {2} [FAILED] Function ElementFetcher::FindScreenElement failed to locate UI element (Searching: ;ControlType='Window' &amp;&amp; Name='http://www.microsoft.com/isapi/redir.dll?prd=ie&amp;pver=6&amp;ar=msnhome - Windows Internet Explorer' &amp;&amp; ClassName='IEFrame') (Указанный объект не найден.)
\0&lt;/a&gt;
E, 3824, 50, 2011/03/26, 13:19:20.078, 37789949327461, QTAgent32.exe, Playback - [IMAGE] C:\Documents and Settings\manekovskiy\Local Settings\Temp\UITestLogs\LastRun\RPF53C.png
\0
W, 3824, 50, 2011/03/26, 13:19:20.078, 37789949931174, QTAgent32.exe, Playback - [WARNING] Internal warning: Couldn't find descendants that match QueryId
\0
W, 3824, 50, 2011/03/26, 13:19:20.359, 37790663180809, QTAgent32.exe, Playback - [WARNING] Internal warning: Window Not Found: ControlType='Window' &amp;&amp; Name='http://www.microsoft.com/isapi/redir.dll?prd=ie&amp;pver=6&amp;ar=msnhome - Windows Internet Explorer' &amp;&amp; ClassName='IEFrame'
\0
E, 3824, 50, 2011/03/26, 13:19:20.359, 37790663744258, QTAgent32.exe, &lt;a class=failure&gt;Playback - {3} [FAILED] Function ElementFetcher::FindScreenElement failed to locate UI element (Searching: ;ControlType='Window' &amp;&amp; Name='http://www.microsoft.com/isapi/redir.dll?prd=ie&amp;pver=6&amp;ar=msnhome - Windows Internet Explorer' &amp;&amp; ClassName='IEFrame') (Указанный объект не найден.)
\0&lt;/a&gt;
E, 3824, 50, 2011/03/26, 13:19:20.453, 37790895635770, QTAgent32.exe, Playback - [IMAGE] C:\Documents and Settings\manekovskiy\Local Settings\Temp\UITestLogs\LastRun\RPF53D.png
\0
W, 3824, 50, 2011/03/26, 13:19:20.453, 37790896193046, QTAgent32.exe, Playback - [WARNING] Internal warning: Couldn't find descendants that match QueryId
\0
E, 3824, 50, 2011/03/26, 13:19:20.453, 37790901013983, QTAgent32.exe, Exception: System.Runtime.InteropServices.COMException
	Message: Error HRESULT E_FAIL has been returned from a call to a COM component.
	Stack Trace:    at Microsoft.VisualStudio.TestTools.UITest.Playback.Engine.IRPFPlayback.FindAllScreenElements(IScreenElement pScreenElementStart, String bstrQueryId, Object&amp; pvarResKeys, Int32 cResKeys, Int32 nMaxDepth, Object[]&amp; foundDescendants)
   at Microsoft.VisualStudio.TestTools.UITest.Playback.ScreenElement.FindTopLevelWindowHelper(String queryId)
	BaseExceptionMessage: Error HRESULT E_FAIL has been returned from a call to a COM component.

W, 3824, 50, 2011/03/26, 13:19:20.874, 37791943008232, QTAgent32.exe, Playback - [WARNING] Internal warning: Window Not Found: ControlType='Window' &amp;&amp; Name='http://home.microsoft.com/ - Windows Internet Explorer' &amp;&amp; ClassName='IEFrame'
\0
E, 3824, 50, 2011/03/26, 13:19:20.874, 37791943572070, QTAgent32.exe, &lt;a class=failure&gt;Playback - {4} [FAILED] Function ElementFetcher::FindScreenElement failed to locate UI element (Searching: ;ControlType='Window' &amp;&amp; Name='http://home.microsoft.com/ - Windows Internet Explorer' &amp;&amp; ClassName='IEFrame') (Указанный объект не найден.)
\0&lt;/a&gt;
E, 3824, 50, 2011/03/26, 13:19:20.968, 37792178139970, QTAgent32.exe, Playback - [IMAGE] C:\Documents and Settings\manekovskiy\Local Settings\Temp\UITestLogs\LastRun\RPF53E.png
\0
W, 3824, 50, 2011/03/26, 13:19:20.968, 37792178793007, QTAgent32.exe, Playback - [WARNING] Internal warning: Couldn't find descendants that match QueryId
\0
W, 3824, 50, 2011/03/26, 13:19:20.984, 37792209230291, QTAgent32.exe, Playback - [WARNING] Internal warning: Window Not Found: ControlType='Window' &amp;&amp; Name='http://home.microsoft.com/ - Windows Internet Explorer' &amp;&amp; ClassName='IEFrame'
\0
E, 3824, 50, 2011/03/26, 13:19:20.984, 37792209759697, QTAgent32.exe, &lt;a class=failure&gt;Playback - {5} [FAILED] Function ElementFetcher::FindScreenElement failed to locate UI element (Searching: ;ControlType='Window' &amp;&amp; Name='http://home.microsoft.com/ - Windows Internet Explorer' &amp;&amp; ClassName='IEFrame') (Указанный объект не найден.)
\0&lt;/a&gt;
E, 3824, 50, 2011/03/26, 13:19:21.078, 37792451847590, QTAgent32.exe, Playback - [IMAGE] C:\Documents and Settings\manekovskiy\Local Settings\Temp\UITestLogs\LastRun\RPF53F.png
\0
W, 3824, 50, 2011/03/26, 13:19:21.078, 37792452475451, QTAgent32.exe, Playback - [WARNING] Internal warning: Couldn't find descendants that match QueryId
\0
W, 3824, 50, 2011/03/26, 13:19:21.374, 37793196049656, QTAgent32.exe, Playback - [WARNING] Internal warning: Window Not Found: ControlType='Window' &amp;&amp; Name='http://home.microsoft.com/ - Windows Internet Explorer' &amp;&amp; ClassName='IEFrame'
\0
E, 3824, 50, 2011/03/26, 13:19:21.374, 37793196582613, QTAgent32.exe, &lt;a class=failure&gt;Playback - {6} [FAILED] Function ElementFetcher::FindScreenElement failed to locate UI element (Searching: ;ControlType='Window' &amp;&amp; Name='http://home.microsoft.com/ - Windows Internet Explorer' &amp;&amp; ClassName='IEFrame') (Указанный объект не найден.)
\0&lt;/a&gt;
E, 3824, 50, 2011/03/26, 13:19:21.468, 37793401922927, QTAgent32.exe, Playback - [IMAGE] C:\Documents and Settings\manekovskiy\Local Settings\Temp\UITestLogs\LastRun\RPF540.png
\0
W, 3824, 50, 2011/03/26, 13:19:21.468, 37793402544505, QTAgent32.exe, Playback - [WARNING] Internal warning: Couldn't find descendants that match QueryId
\0
E, 3824, 50, 2011/03/26, 13:19:21.468, 37793403708745, QTAgent32.exe, Exception: System.Runtime.InteropServices.COMException
	Message: Error HRESULT E_FAIL has been returned from a call to a COM component.
	Stack Trace:    at Microsoft.VisualStudio.TestTools.UITest.Playback.Engine.IRPFPlayback.FindAllScreenElements(IScreenElement pScreenElementStart, String bstrQueryId, Object&amp; pvarResKeys, Int32 cResKeys, Int32 nMaxDepth, Object[]&amp; foundDescendants)
   at Microsoft.VisualStudio.TestTools.UITest.Playback.ScreenElement.FindTopLevelWindowHelper(String queryId)
	BaseExceptionMessage: Error HRESULT E_FAIL has been returned from a call to a COM component.

W, 3824, 50, 2011/03/26, 13:19:21.749, 37794135344675, QTAgent32.exe, Playback - [WARNING] Internal warning: Window Not Found: ControlType='Window' &amp;&amp; Name='http://www.msn.com/ - Windows Internet Explorer' &amp;&amp; ClassName='IEFrame'
\0
E, 3824, 50, 2011/03/26, 13:19:21.749, 37794135861934, QTAgent32.exe, &lt;a class=failure&gt;Playback - {7} [FAILED] Function ElementFetcher::FindScreenElement failed to locate UI element (Searching: ;ControlType='Window' &amp;&amp; Name='http://www.msn.com/ - Windows Internet Explorer' &amp;&amp; ClassName='IEFrame') (Указанный объект не найден.)
\0&lt;/a&gt;
E, 3824, 50, 2011/03/26, 13:19:21.843, 37794377450187, QTAgent32.exe, Playback - [IMAGE] C:\Documents and Settings\manekovskiy\Local Settings\Temp\UITestLogs\LastRun\RPF541.png
\0
W, 3824, 50, 2011/03/26, 13:19:21.843, 37794377855184, QTAgent32.exe, Playback - [WARNING] Internal warning: Couldn't find descendants that match QueryId
\0
W, 3824, 50, 2011/03/26, 13:19:21.906, 37794512866059, QTAgent32.exe, Playback - [WARNING] Internal warning: Window Not Found: ControlType='Window' &amp;&amp; Name='http://www.msn.com/ - Windows Internet Explorer' &amp;&amp; ClassName='IEFrame'
\0
E, 3824, 50, 2011/03/26, 13:19:21.906, 37794513434079, QTAgent32.exe, &lt;a class=failure&gt;Playback - {8} [FAILED] Function ElementFetcher::FindScreenElement failed to locate UI element (Searching: ;ControlType='Window' &amp;&amp; Name='http://www.msn.com/ - Windows Internet Explorer' &amp;&amp; ClassName='IEFrame') (Указанный объект не найден.)
\0&lt;/a&gt;
E, 3824, 50, 2011/03/26, 13:19:21.999, 37794736069700, QTAgent32.exe, Playback - [IMAGE] C:\Documents and Settings\manekovskiy\Local Settings\Temp\UITestLogs\LastRun\RPF542.png
\0
W, 3824, 50, 2011/03/26, 13:19:21.999, 37794736681402, QTAgent32.exe, Playback - [WARNING] Internal warning: Couldn't find descendants that match QueryId
\0
W, 3824, 50, 2011/03/26, 13:19:22.296, 37795511318607, QTAgent32.exe, Playback - [WARNING] Internal warning: Window Not Found: ControlType='Window' &amp;&amp; Name='http://www.msn.com/ - Windows Internet Explorer' &amp;&amp; ClassName='IEFrame'
\0
E, 3824, 50, 2011/03/26, 13:19:22.296, 37795512017741, QTAgent32.exe, &lt;a class=failure&gt;Playback - {9} [FAILED] Function ElementFetcher::FindScreenElement failed to locate UI element (Searching: ;ControlType='Window' &amp;&amp; Name='http://www.msn.com/ - Windows Internet Explorer' &amp;&amp; ClassName='IEFrame') (Указанный объект не найден.)
\0&lt;/a&gt;
E, 3824, 50, 2011/03/26, 13:19:22.390, 37795717456589, QTAgent32.exe, Playback - [IMAGE] C:\Documents and Settings\manekovskiy\Local Settings\Temp\UITestLogs\LastRun\RPF543.png
\0
W, 3824, 50, 2011/03/26, 13:19:22.390, 37795717863529, QTAgent32.exe, Playback - [WARNING] Internal warning: Couldn't find descendants that match QueryId
\0
E, 3824, 50, 2011/03/26, 13:19:22.390, 37795718632269, QTAgent32.exe, Exception: System.Runtime.InteropServices.COMException
	Message: Error HRESULT E_FAIL has been returned from a call to a COM component.
	Stack Trace:    at Microsoft.VisualStudio.TestTools.UITest.Playback.Engine.IRPFPlayback.FindAllScreenElements(IScreenElement pScreenElementStart, String bstrQueryId, Object&amp; pvarResKeys, Int32 cResKeys, Int32 nMaxDepth, Object[]&amp; foundDescendants)
   at Microsoft.VisualStudio.TestTools.UITest.Playback.ScreenElement.FindTopLevelWindowHelper(String queryId)
	BaseExceptionMessage: Error HRESULT E_FAIL has been returned from a call to a COM component.

W, 3824, 50, 2011/03/26, 13:19:22.671, 37796428223853, QTAgent32.exe, Playback - [WARNING] Internal warning: Window Not Found: ControlType='Window' &amp;&amp; Name='MSN.com - Windows Internet Explorer' &amp;&amp; ClassName='IEFrame'
\0
E, 3824, 50, 2011/03/26, 13:19:22.671, 37796428748375, QTAgent32.exe, &lt;a class=failure&gt;Playback - {10} [FAILED] Function ElementFetcher::FindScreenElement failed to locate UI element (Searching: ;ControlType='Window' &amp;&amp; Name='MSN.com - Windows Internet Explorer' &amp;&amp; ClassName='IEFrame') (Указанный объект не найден.)
\0&lt;/a&gt;
E, 3824, 50, 2011/03/26, 13:19:22.765, 37796664922528, QTAgent32.exe, Playback - [IMAGE] C:\Documents and Settings\manekovskiy\Local Settings\Temp\UITestLogs\LastRun\RPF544.png
\0
W, 3824, 50, 2011/03/26, 13:19:22.765, 37796665574343, QTAgent32.exe, Playback - [WARNING] Internal warning: Couldn't find descendants that match QueryId
\0
W, 3824, 50, 2011/03/26, 13:19:22.781, 37796698362322, QTAgent32.exe, Playback - [WARNING] Internal warning: Window Not Found: ControlType='Window' &amp;&amp; Name='MSN.com - Windows Internet Explorer' &amp;&amp; ClassName='IEFrame'
\0
E, 3824, 50, 2011/03/26, 13:19:22.781, 37796698874177, QTAgent32.exe, &lt;a class=failure&gt;Playback - {11} [FAILED] Function ElementFetcher::FindScreenElement failed to locate UI element (Searching: ;ControlType='Window' &amp;&amp; Name='MSN.com - Windows Internet Explorer' &amp;&amp; ClassName='IEFrame') (Указанный объект не найден.)
\0&lt;/a&gt;
E, 3824, 50, 2011/03/26, 13:19:22.874, 37796919156541, QTAgent32.exe, Playback - [IMAGE] C:\Documents and Settings\manekovskiy\Local Settings\Temp\UITestLogs\LastRun\RPF545.png
\0
W, 3824, 50, 2011/03/26, 13:19:22.874, 37796919542762, QTAgent32.exe, Playback - [WARNING] Internal warning: Couldn't find descendants that match QueryId
\0
W, 3824, 50, 2011/03/26, 13:19:23.171, 37797679979824, QTAgent32.exe, Playback - [WARNING] Internal warning: Window Not Found: ControlType='Window' &amp;&amp; Name='MSN.com - Windows Internet Explorer' &amp;&amp; ClassName='IEFrame'
\0
E, 3824, 50, 2011/03/26, 13:19:23.171, 37797680484269, QTAgent32.exe, &lt;a class=failure&gt;Playback - {12} [FAILED] Function ElementFetcher::FindScreenElement failed to locate UI element (Searching: ;ControlType='Window' &amp;&amp; Name='MSN.com - Windows Internet Explorer' &amp;&amp; ClassName='IEFrame') (Указанный объект не найден.)
\0&lt;/a&gt;
E, 3824, 50, 2011/03/26, 13:19:23.265, 37797915678672, QTAgent32.exe, Playback - [IMAGE] C:\Documents and Settings\manekovskiy\Local Settings\Temp\UITestLogs\LastRun\RPF546.png
\0
W, 3824, 50, 2011/03/26, 13:19:23.265, 37797916310076, QTAgent32.exe, Playback - [WARNING] Internal warning: Couldn't find descendants that match QueryId
\0
E, 3824, 50, 2011/03/26, 13:19:23.265, 37797917430979, QTAgent32.exe, Exception: System.Runtime.InteropServices.COMException
	Message: Error HRESULT E_FAIL has been returned from a call to a COM component.
	Stack Trace:    at Microsoft.VisualStudio.TestTools.UITest.Playback.Engine.IRPFPlayback.FindAllScreenElements(IScreenElement pScreenElementStart, String bstrQueryId, Object&amp; pvarResKeys, Int32 cResKeys, Int32 nMaxDepth, Object[]&amp; foundDescendants)
   at Microsoft.VisualStudio.TestTools.UITest.Playback.ScreenElement.FindTopLevelWindowHelper(String queryId)
	BaseExceptionMessage: Error HRESULT E_FAIL has been returned from a call to a COM component.

W, 3824, 50, 2011/03/26, 13:19:23.546, 37798608272323, QTAgent32.exe, Playback - [WARNING] Internal warning: Window Not Found: ControlType='Window' &amp;&amp; Name='http://www.microsoft.com/isapi/redir.dll?prd=ie&amp;pver=6&amp;ar=msnhome - Windows Internet Explorer' &amp;&amp; ClassName='IEFrame'
\0
E, 3824, 50, 2011/03/26, 13:19:23.546, 37798608814650, QTAgent32.exe, &lt;a class=failure&gt;Playback - {13} [FAILED] Function ElementFetcher::FindScreenElement failed to locate UI element (Searching: ;ControlType='Window' &amp;&amp; Name='http://www.microsoft.com/isapi/redir.dll?prd=ie&amp;pver=6&amp;ar=msnhome - Windows Internet Explorer' &amp;&amp; ClassName='IEFrame') (Указанный объект не найден.)
\0&lt;/a&gt;
E, 3824, 50, 2011/03/26, 13:19:23.640, 37798845061679, QTAgent32.exe, Playback - [IMAGE] C:\Documents and Settings\manekovskiy\Local Settings\Temp\UITestLogs\LastRun\RPF547.png
\0
W, 3824, 50, 2011/03/26, 13:19:23.640, 37798845699289, QTAgent32.exe, Playback - [WARNING] Internal warning: Couldn't find descendants that match QueryId
\0
W, 3824, 50, 2011/03/26, 13:19:23.906, 37799526422394, QTAgent32.exe, Playback - [WARNING] Internal warning: Window Not Found: ControlType='Window' &amp;&amp; Name='http://www.microsoft.com/isapi/redir.dll?prd=ie&amp;pver=6&amp;ar=msnhome - Windows Internet Explorer' &amp;&amp; ClassName='IEFrame'
\0
E, 3824, 50, 2011/03/26, 13:19:23.906, 37799526965401, QTAgent32.exe, &lt;a class=failure&gt;Playback - {14} [FAILED] Function ElementFetcher::FindScreenElement failed to locate UI element (Searching: ;ControlType='Window' &amp;&amp; Name='http://www.microsoft.com/isapi/redir.dll?prd=ie&amp;pver=6&amp;ar=msnhome - Windows Internet Explorer' &amp;&amp; ClassName='IEFrame') (Указанный объект не найден.)
\0&lt;/a&gt;
E, 3824, 50, 2011/03/26, 13:19:23.999, 37799733565794, QTAgent32.exe, Playback - [IMAGE] C:\Documents and Settings\manekovskiy\Local Settings\Temp\UITestLogs\LastRun\RPF548.png
\0
W, 3824, 50, 2011/03/26, 13:19:23.999, 37799734175054, QTAgent32.exe, Playback - [WARNING] Internal warning: Couldn't find descendants that match QueryId
\0
W, 3824, 50, 2011/03/26, 13:19:24.515, 37801017237675, QTAgent32.exe, Playback - [WARNING] Internal warning: Smart Match failed
\0
W, 3824, 50, 2011/03/26, 13:19:24.812, 37801768785027, QTAgent32.exe, Playback - [WARNING] Internal warning: Smart Match failed
\0
W, 3824, 50, 2011/03/26, 13:19:25.109, 37802506608649, QTAgent32.exe, Playback - [WARNING] Internal warning: Smart Match failed
\0
W, 3824, 50, 2011/03/26, 13:19:25.406, 37803247996728, QTAgent32.exe, Playback - [WARNING] Internal warning: Smart Match failed
\0
W, 3824, 50, 2011/03/26, 13:19:25.703, 37803987709106, QTAgent32.exe, Playback - [WARNING] Internal warning: Smart Match failed
\0
W, 3824, 50, 2011/03/26, 13:19:25.999, 37804728075901, QTAgent32.exe, Playback - [WARNING] Internal warning: Smart Match failed
\0
W, 3824, 50, 2011/03/26, 13:19:26.296, 37805470888586, QTAgent32.exe, Playback - [WARNING] Internal warning: Smart Match failed
\0
W, 3824, 50, 2011/03/26, 13:19:26.593, 37806208203043, QTAgent32.exe, Playback - [WARNING] Internal warning: Smart Match failed
\0
W, 3824, 50, 2011/03/26, 13:19:26.890, 37806949386003, QTAgent32.exe, Playback - [WARNING] Internal warning: Smart Match failed
\0
W, 3824, 50, 2011/03/26, 13:19:27.062, 37807370491904, QTAgent32.exe, Playback - [WARNING] Internal warning: Window Not Found: ControlType='Window' &amp;&amp; Name='http://www.microsoft.com/isapi/redir.dll?prd=ie&amp;pver=6&amp;ar=msnhome - Windows Internet Explorer' &amp;&amp; ClassName='IEFrame'
\0
E, 3824, 50, 2011/03/26, 13:19:27.062, 37807371018039, QTAgent32.exe, &lt;a class=failure&gt;Playback - {15} [FAILED] Function ElementFetcher::FindScreenElement failed to locate UI element (Searching: ;ControlType='Window' &amp;&amp; Name='http://www.microsoft.com/isapi/redir.dll?prd=ie&amp;pver=6&amp;ar=msnhome - Windows Internet Explorer' &amp;&amp; ClassName='IEFrame') (Указанный объект не найден.)
\0&lt;/a&gt;
E, 3824, 50, 2011/03/26, 13:19:27.156, 37807607896194, QTAgent32.exe, Playback - [IMAGE] C:\Documents and Settings\manekovskiy\Local Settings\Temp\UITestLogs\LastRun\RPF549.png
\0
W, 3824, 50, 2011/03/26, 13:19:27.156, 37807608502947, QTAgent32.exe, Playback - [WARNING] Internal warning: Couldn't find descendants that match QueryId
\0
W, 3824, 50, 2011/03/26, 13:19:27.156, 37807610252267, QTAgent32.exe, PERF WARNING: FindTopLevelWindowHelper::FindAllDescendents: took 3157 ms. Expected it to take maximum 500 ms.
E, 3824, 50, 2011/03/26, 13:19:27.156, 37807610847859, QTAgent32.exe, Exception: System.Runtime.InteropServices.COMException
	Message: Error HRESULT E_FAIL has been returned from a call to a COM component.
	Stack Trace:    at Microsoft.VisualStudio.TestTools.UITest.Playback.Engine.IRPFPlayback.FindAllScreenElements(IScreenElement pScreenElementStart, String bstrQueryId, Object&amp; pvarResKeys, Int32 cResKeys, Int32 nMaxDepth, Object[]&amp; foundDescendants)
   at Microsoft.VisualStudio.TestTools.UITest.Playback.ScreenElement.FindTopLevelWindowHelper(String queryId)
	BaseExceptionMessage: Error HRESULT E_FAIL has been returned from a call to a COM component.

W, 3824, 50, 2011/03/26, 13:19:27.437, 37808326613938, QTAgent32.exe, Playback - [WARNING] Internal warning: Window Not Found: ControlType='Window' &amp;&amp; Name='http://home.microsoft.com/ - Windows Internet Explorer' &amp;&amp; ClassName='IEFrame'
\0
E, 3824, 50, 2011/03/26, 13:19:27.437, 37808327146711, QTAgent32.exe, &lt;a class=failure&gt;Playback - {16} [FAILED] Function ElementFetcher::FindScreenElement failed to locate UI element (Searching: ;ControlType='Window' &amp;&amp; Name='http://home.microsoft.com/ - Windows Internet Explorer' &amp;&amp; ClassName='IEFrame') (Указанный объект не найден.)
\0&lt;/a&gt;
E, 3824, 50, 2011/03/26, 13:19:27.531, 37808534061203, QTAgent32.exe, Playback - [IMAGE] C:\Documents and Settings\manekovskiy\Local Settings\Temp\UITestLogs\LastRun\RPF54A.png
\0
W, 3824, 50, 2011/03/26, 13:19:27.531, 37808534673934, QTAgent32.exe, Playback - [WARNING] Internal warning: Couldn't find descendants that match QueryId
\0
W, 3824, 50, 2011/03/26, 13:19:27.796, 37809228733419, QTAgent32.exe, Playback - [WARNING] Internal warning: Window Not Found: ControlType='Window' &amp;&amp; Name='http://home.microsoft.com/ - Windows Internet Explorer' &amp;&amp; ClassName='IEFrame'
\0
E, 3824, 50, 2011/03/26, 13:19:27.796, 37809229256987, QTAgent32.exe, &lt;a class=failure&gt;Playback - {17} [FAILED] Function ElementFetcher::FindScreenElement failed to locate UI element (Searching: ;ControlType='Window' &amp;&amp; Name='http://home.microsoft.com/ - Windows Internet Explorer' &amp;&amp; ClassName='IEFrame') (Указанный объект не найден.)
\0&lt;/a&gt;
E, 3824, 50, 2011/03/26, 13:19:27.890, 37809449285602, QTAgent32.exe, Playback - [IMAGE] C:\Documents and Settings\manekovskiy\Local Settings\Temp\UITestLogs\LastRun\RPF54B.png
\0
W, 3824, 50, 2011/03/26, 13:19:27.890, 37809449884586, QTAgent32.exe, Playback - [WARNING] Internal warning: Couldn't find descendants that match QueryId
\0
W, 3824, 50, 2011/03/26, 13:19:28.421, 37810767627504, QTAgent32.exe, Playback - [WARNING] Internal warning: Smart Match failed
\0
W, 3824, 50, 2011/03/26, 13:19:28.718, 37811509145476, QTAgent32.exe, Playback - [WARNING] Internal warning: Smart Match failed
\0
W, 3824, 50, 2011/03/26, 13:19:29.015, 37812234071398, QTAgent32.exe, Playback - [WARNING] Internal warning: Smart Match failed
\0
W, 3824, 50, 2011/03/26, 13:19:29.312, 37812989481071, QTAgent32.exe, Playback - [WARNING] Internal warning: Smart Match failed
\0
W, 3824, 50, 2011/03/26, 13:19:29.609, 37813728124107, QTAgent32.exe, Playback - [WARNING] Internal warning: Smart Match failed
\0
W, 3824, 50, 2011/03/26, 13:19:29.906, 37814469589764, QTAgent32.exe, Playback - [WARNING] Internal warning: Smart Match failed
\0
W, 3824, 50, 2011/03/26, 13:19:30.202, 37815210870849, QTAgent32.exe, Playback - [WARNING] Internal warning: Smart Match failed
\0
W, 3824, 50, 2011/03/26, 13:19:30.499, 37815957699884, QTAgent32.exe, Playback - [WARNING] Internal warning: Smart Match failed
\0
W, 3824, 50, 2011/03/26, 13:19:30.796, 37816674978482, QTAgent32.exe, Playback - [WARNING] Internal warning: Smart Match failed
\0
W, 3824, 50, 2011/03/26, 13:19:30.968, 37817109841568, QTAgent32.exe, Playback - [WARNING] Internal warning: Window Not Found: ControlType='Window' &amp;&amp; Name='http://home.microsoft.com/ - Windows Internet Explorer' &amp;&amp; ClassName='IEFrame'
\0
E, 3824, 50, 2011/03/26, 13:19:30.968, 37817110407145, QTAgent32.exe, &lt;a class=failure&gt;Playback - {18} [FAILED] Function ElementFetcher::FindScreenElement failed to locate UI element (Searching: ;ControlType='Window' &amp;&amp; Name='http://home.microsoft.com/ - Windows Internet Explorer' &amp;&amp; ClassName='IEFrame') (Указанный объект не найден.)
\0&lt;/a&gt;
E, 3824, 50, 2011/03/26, 13:19:31.062, 37817344746091, QTAgent32.exe, Playback - [IMAGE] C:\Documents and Settings\manekovskiy\Local Settings\Temp\UITestLogs\LastRun\RPF54C.png
\0
W, 3824, 50, 2011/03/26, 13:19:31.062, 37817345387732, QTAgent32.exe, Playback - [WARNING] Internal warning: Couldn't find descendants that match QueryId
\0
W, 3824, 50, 2011/03/26, 13:19:31.062, 37817346197821, QTAgent32.exe, PERF WARNING: FindTopLevelWindowHelper::FindAllDescendents: took 3165 ms. Expected it to take maximum 500 ms.
E, 3824, 50, 2011/03/26, 13:19:31.062, 37817346654706, QTAgent32.exe, Exception: System.Runtime.InteropServices.COMException
	Message: Error HRESULT E_FAIL has been returned from a call to a COM component.
	Stack Trace:    at Microsoft.VisualStudio.TestTools.UITest.Playback.Engine.IRPFPlayback.FindAllScreenElements(IScreenElement pScreenElementStart, String bstrQueryId, Object&amp; pvarResKeys, Int32 cResKeys, Int32 nMaxDepth, Object[]&amp; foundDescendants)
   at Microsoft.VisualStudio.TestTools.UITest.Playback.ScreenElement.FindTopLevelWindowHelper(String queryId)
	BaseExceptionMessage: Error HRESULT E_FAIL has been returned from a call to a COM component.

W, 3824, 50, 2011/03/26, 13:19:31.343, 37818067270976, QTAgent32.exe, Playback - [WARNING] Internal warning: Window Not Found: ControlType='Window' &amp;&amp; Name='http://www.msn.com/ - Windows Internet Explorer' &amp;&amp; ClassName='IEFrame'
\0
E, 3824, 50, 2011/03/26, 13:19:31.343, 37818067807365, QTAgent32.exe, &lt;a class=failure&gt;Playback - {19} [FAILED] Function ElementFetcher::FindScreenElement failed to locate UI element (Searching: ;ControlType='Window' &amp;&amp; Name='http://www.msn.com/ - Windows Internet Explorer' &amp;&amp; ClassName='IEFrame') (Указанный объект не найден.)
\0&lt;/a&gt;
E, 3824, 50, 2011/03/26, 13:19:31.437, 37818296407604, QTAgent32.exe, Playback - [IMAGE] C:\Documents and Settings\manekovskiy\Local Settings\Temp\UITestLogs\LastRun\RPF54D.png
\0
W, 3824, 50, 2011/03/26, 13:19:31.452, 37818296878632, QTAgent32.exe, Playback - [WARNING] Internal warning: Couldn't find descendants that match QueryId
\0
W, 3824, 50, 2011/03/26, 13:19:31.718, 37819008926248, QTAgent32.exe, Playback - [WARNING] Internal warning: Window Not Found: ControlType='Window' &amp;&amp; Name='http://www.msn.com/ - Windows Internet Explorer' &amp;&amp; ClassName='IEFrame'
\0
E, 3824, 50, 2011/03/26, 13:19:31.718, 37819009634403, QTAgent32.exe, &lt;a class=failure&gt;Playback - {20} [FAILED] Function ElementFetcher::FindScreenElement failed to locate UI element (Searching: ;ControlType='Window' &amp;&amp; Name='http://www.msn.com/ - Windows Internet Explorer' &amp;&amp; ClassName='IEFrame') (Указанный объект не найден.)
\0&lt;/a&gt;
E, 3824, 50, 2011/03/26, 13:19:31.812, 37819214228459, QTAgent32.exe, Playback - [IMAGE] C:\Documents and Settings\manekovskiy\Local Settings\Temp\UITestLogs\LastRun\RPF54E.png
\0
W, 3824, 50, 2011/03/26, 13:19:31.812, 37819214779200, QTAgent32.exe, Playback - [WARNING] Internal warning: Couldn't find descendants that match QueryId
\0
W, 3824, 50, 2011/03/26, 13:19:32.327, 37820509248403, QTAgent32.exe, Playback - [WARNING] Internal warning: Smart Match failed
\0
W, 3824, 50, 2011/03/26, 13:19:32.624, 37821235005419, QTAgent32.exe, Playback - [WARNING] Internal warning: Smart Match failed
\0
W, 3824, 50, 2011/03/26, 13:19:32.921, 37821985032365, QTAgent32.exe, Playback - [WARNING] Internal warning: Smart Match failed
\0
W, 3824, 50, 2011/03/26, 13:19:33.234, 37822768727831, QTAgent32.exe, Playback - [WARNING] Internal warning: Smart Match failed
\0
W, 3824, 50, 2011/03/26, 13:19:33.531, 37823510058132, QTAgent32.exe, Playback - [WARNING] Internal warning: Smart Match failed
\0
W, 3824, 50, 2011/03/26, 13:19:33.827, 37824234394705, QTAgent32.exe, Playback - [WARNING] Internal warning: Smart Match failed
\0
W, 3824, 50, 2011/03/26, 13:19:34.124, 37824991479939, QTAgent32.exe, Playback - [WARNING] Internal warning: Smart Match failed
\0
W, 3824, 50, 2011/03/26, 13:19:34.437, 37825786970079, QTAgent32.exe, Playback - [WARNING] Internal warning: Smart Match failed
\0
W, 3824, 50, 2011/03/26, 13:19:34.749, 37826534189073, QTAgent32.exe, Playback - [WARNING] Internal warning: Smart Match failed
\0
W, 3824, 50, 2011/03/26, 13:19:34.921, 37826986610055, QTAgent32.exe, Playback - [WARNING] Internal warning: Window Not Found: ControlType='Window' &amp;&amp; Name='http://www.msn.com/ - Windows Internet Explorer' &amp;&amp; ClassName='IEFrame'
\0
E, 3824, 50, 2011/03/26, 13:19:34.921, 37826987156399, QTAgent32.exe, &lt;a class=failure&gt;Playback - {21} [FAILED] Function ElementFetcher::FindScreenElement failed to locate UI element (Searching: ;ControlType='Window' &amp;&amp; Name='http://www.msn.com/ - Windows Internet Explorer' &amp;&amp; ClassName='IEFrame') (Указанный объект не найден.)
\0&lt;/a&gt;
E, 3824, 50, 2011/03/26, 13:19:35.015, 37827209771850, QTAgent32.exe, Playback - [IMAGE] C:\Documents and Settings\manekovskiy\Local Settings\Temp\UITestLogs\LastRun\RPF54F.png
\0
W, 3824, 50, 2011/03/26, 13:19:35.015, 37827210389072, QTAgent32.exe, Playback - [WARNING] Internal warning: Couldn't find descendants that match QueryId
\0
W, 3824, 50, 2011/03/26, 13:19:35.015, 37827211200940, QTAgent32.exe, PERF WARNING: FindTopLevelWindowHelper::FindAllDescendents: took 3205 ms. Expected it to take maximum 500 ms.
E, 3824, 50, 2011/03/26, 13:19:35.015, 37827211654112, QTAgent32.exe, Exception: System.Runtime.InteropServices.COMException
	Message: Error HRESULT E_FAIL has been returned from a call to a COM component.
	Stack Trace:    at Microsoft.VisualStudio.TestTools.UITest.Playback.Engine.IRPFPlayback.FindAllScreenElements(IScreenElement pScreenElementStart, String bstrQueryId, Object&amp; pvarResKeys, Int32 cResKeys, Int32 nMaxDepth, Object[]&amp; foundDescendants)
   at Microsoft.VisualStudio.TestTools.UITest.Playback.ScreenElement.FindTopLevelWindowHelper(String queryId)
	BaseExceptionMessage: Error HRESULT E_FAIL has been returned from a call to a COM component.

W, 3824, 50, 2011/03/26, 13:19:35.296, 37827911185773, QTAgent32.exe, Playback - [WARNING] Internal warning: Window Not Found: ControlType='Window' &amp;&amp; Name='MSN.com - Windows Internet Explorer' &amp;&amp; ClassName='IEFrame'
\0
E, 3824, 50, 2011/03/26, 13:19:35.296, 37827911736211, QTAgent32.exe, &lt;a class=failure&gt;Playback - {22} [FAILED] Function ElementFetcher::FindScreenElement failed to locate UI element (Searching: ;ControlType='Window' &amp;&amp; Name='MSN.com - Windows Internet Explorer' &amp;&amp; ClassName='IEFrame') (Указанный объект не найден.)
\0&lt;/a&gt;
E, 3824, 50, 2011/03/26, 13:19:35.390, 37828132718526, QTAgent32.exe, Playback - [IMAGE] C:\Documents and Settings\manekovskiy\Local Settings\Temp\UITestLogs\LastRun\RPF550.png
\0
W, 3824, 50, 2011/03/26, 13:19:35.390, 37828133309222, QTAgent32.exe, Playback - [WARNING] Internal warning: Couldn't find descendants that match QueryId
\0
W, 3824, 50, 2011/03/26, 13:19:35.656, 37828828416404, QTAgent32.exe, Playback - [WARNING] Internal warning: Window Not Found: ControlType='Window' &amp;&amp; Name='MSN.com - Windows Internet Explorer' &amp;&amp; ClassName='IEFrame'
\0
E, 3824, 50, 2011/03/26, 13:19:35.656, 37828828941490, QTAgent32.exe, &lt;a class=failure&gt;Playback - {23} [FAILED] Function ElementFetcher::FindScreenElement failed to locate UI element (Searching: ;ControlType='Window' &amp;&amp; Name='MSN.com - Windows Internet Explorer' &amp;&amp; ClassName='IEFrame') (Указанный объект не найден.)
\0&lt;/a&gt;
E, 3824, 50, 2011/03/26, 13:19:35.749, 37829034112986, QTAgent32.exe, Playback - [IMAGE] C:\Documents and Settings\manekovskiy\Local Settings\Temp\UITestLogs\LastRun\RPF551.png
\0
W, 3824, 50, 2011/03/26, 13:19:35.749, 37829034709141, QTAgent32.exe, Playback - [WARNING] Internal warning: Couldn't find descendants that match QueryId
\0
W, 3824, 50, 2011/03/26, 13:19:36.265, 37830313310344, QTAgent32.exe, Playback - [WARNING] Internal warning: Smart Match failed
\0
W, 3824, 50, 2011/03/26, 13:19:36.562, 37831054071337, QTAgent32.exe, Playback - [WARNING] Internal warning: Smart Match failed
\0
W, 3824, 50, 2011/03/26, 13:19:36.859, 37831794174911, QTAgent32.exe, Playback - [WARNING] Internal warning: Smart Match failed
\0
W, 3824, 50, 2011/03/26, 13:19:37.156, 37832551388031, QTAgent32.exe, Playback - [WARNING] Internal warning: Smart Match failed
\0
W, 3824, 50, 2011/03/26, 13:19:37.452, 37833274978329, QTAgent32.exe, Playback - [WARNING] Internal warning: Smart Match failed
\0
W, 3824, 50, 2011/03/26, 13:19:37.749, 37834015935303, QTAgent32.exe, Playback - [WARNING] Internal warning: Smart Match failed
\0
W, 3824, 50, 2011/03/26, 13:19:38.280, 37835328168834, QTAgent32.exe, Playback - [WARNING] Internal warning: Smart Match failed
\0
W, 3824, 50, 2011/03/26, 13:19:38.937, 37836966210465, QTAgent32.exe, Playback - [WARNING] Internal warning: Smart Match failed
\0
W, 3824, 50, 2011/03/26, 13:19:39.109, 37837413904754, QTAgent32.exe, Playback - [WARNING] Internal warning: Window Not Found: ControlType='Window' &amp;&amp; Name='MSN.com - Windows Internet Explorer' &amp;&amp; ClassName='IEFrame'
\0
E, 3824, 50, 2011/03/26, 13:19:39.109, 37837414442229, QTAgent32.exe, &lt;a class=failure&gt;Playback - {24} [FAILED] Function ElementFetcher::FindScreenElement failed to locate UI element (Searching: ;ControlType='Window' &amp;&amp; Name='MSN.com - Windows Internet Explorer' &amp;&amp; ClassName='IEFrame') (Указанный объект не найден.)
\0&lt;/a&gt;
E, 3824, 50, 2011/03/26, 13:19:39.202, 37837649315428, QTAgent32.exe, Playback - [IMAGE] C:\Documents and Settings\manekovskiy\Local Settings\Temp\UITestLogs\LastRun\RPF552.png
\0
W, 3824, 50, 2011/03/26, 13:19:39.202, 37837649929765, QTAgent32.exe, Playback - [WARNING] Internal warning: Couldn't find descendants that match QueryId
\0
W, 3824, 50, 2011/03/26, 13:19:39.202, 37837650759733, QTAgent32.exe, PERF WARNING: FindTopLevelWindowHelper::FindAllDescendents: took 3454 ms. Expected it to take maximum 500 ms.
E, 3824, 50, 2011/03/26, 13:19:39.202, 37837651227047, QTAgent32.exe, Exception: System.Runtime.InteropServices.COMException
	Message: Error HRESULT E_FAIL has been returned from a call to a COM component.
	Stack Trace:    at Microsoft.VisualStudio.TestTools.UITest.Playback.Engine.IRPFPlayback.FindAllScreenElements(IScreenElement pScreenElementStart, String bstrQueryId, Object&amp; pvarResKeys, Int32 cResKeys, Int32 nMaxDepth, Object[]&amp; foundDescendants)
   at Microsoft.VisualStudio.TestTools.UITest.Playback.ScreenElement.FindTopLevelWindowHelper(String queryId)
	BaseExceptionMessage: Error HRESULT E_FAIL has been returned from a call to a COM component.

W, 3824, 50, 2011/03/26, 13:19:39.312, 37837921722292, QTAgent32.exe, IEDOM : StopSession of the plugin called before StartSession
W, 3824, 50, 2011/03/26, 13:19:39.312, 37837921957680, QTAgent32.exe, UIA : StopSession of the plugin called before StartSession
</DebugTrace>
        <ErrorInfo>
          <Message>Test method GoogleCalculatorTests.CodedUITest1.CodedUITestMethod1 threw exception: 
Microsoft.VisualStudio.TestTools.UITest.Extension.UITestControlNotFoundException: Unable to find the top level element of the control ---&gt; Microsoft.VisualStudio.TestTools.UITest.Extension.UITestControlNotFoundException: Unable to find Windows Internet Explorer window with 'MSN.com - Windows Internet Explorer' in the title. ---&gt; Microsoft.VisualStudio.TestTools.UITest.Extension.UITestControlNotFoundException: The playback failed to find the control with the given search properties. Additional Details: 
TechnologyName:  'MSAA'
ControlType:  'Window'
Name:  'MSN.com - Windows Internet Explorer'
ClassName:  'IEFrame'
 ---&gt; System.Runtime.InteropServices.COMException: Error HRESULT E_FAIL has been returned from a call to a COM component.</Message>
          <StackTrace>    at Microsoft.VisualStudio.TestTools.UITest.Playback.Engine.IRPFPlayback.FindAllScreenElements(IScreenElement pScreenElementStart, String bstrQueryId, Object&amp; pvarResKeys, Int32 cResKeys, Int32 nMaxDepth, Object[]&amp; foundDescendants)
   at Microsoft.VisualStudio.TestTools.UITest.Playback.ScreenElement.FindTopLevelWindowHelper(String queryId)
   at Microsoft.VisualStudio.TestTools.UITest.Playback.ScreenElement.FindFromPartialQueryId(String queryId)
   at Microsoft.VisualStudio.TestTools.UITesting.UITestControl..ctor(String queryId)
 --- End of inner exception stack trace ---
    at Microsoft.VisualStudio.TestTools.UITesting.Playback.MapControlNotFoundException(COMException ex, IPlaybackContext context)
   at Microsoft.VisualStudio.TestTools.UITesting.Playback.MapAndThrowComException(COMException innerException, IPlaybackContext context)
   at Microsoft.VisualStudio.TestTools.UITesting.Playback.MapAndThrowException(SystemException exception, IPlaybackContext context)
   at Microsoft.VisualStudio.TestTools.UITesting.Playback.MapAndThrowException(SystemException exception, String queryId)
   at Microsoft.VisualStudio.TestTools.UITesting.UITestControl..ctor(String queryId)
   at Microsoft.VisualStudio.TestTools.UITesting.SearchHelper.SearchTopLevelWindow(ISearchArgument topLevelSearchArg, String topLevelElementQueryId)
   at Microsoft.VisualStudio.TestTools.UITesting.SearchHelper.GetTitleUpdatedTopLevelWindow(ISearchArgument topLevelSearchArg, String queryId, IList`1 windowTitles)
   at Microsoft.VisualStudio.TestTools.UITesting.SearchHelper.GetTopLevelElement(Boolean useCache, Boolean useCacheOnly, ISearchArgument searchArg, IList`1 windowTitles, Int32&amp; timeLeft)
   at Microsoft.VisualStudio.TestTools.UITesting.SearchHelper.GetElement(Boolean useCache, ISearchArgument searchArg)
   at Microsoft.VisualStudio.TestTools.UITesting.SearchHelper.Search(ISearchArgument searchArg)
   at Microsoft.VisualStudio.TestTools.UITesting.UITestControl.FindInternal()
   at Microsoft.VisualStudio.TestTools.UITesting.UITestControl.Find()
   at Microsoft.VisualStudio.TestTools.UITesting.IEBrowserService.Locate(PropertyExpressionCollection searchProperties, PropertyExpressionCollection filterProperties, Boolean findAll)
 --- End of inner exception stack trace ---
    at Microsoft.VisualStudio.TestTools.UITesting.IEBrowserService.Locate(PropertyExpressionCollection searchProperties, PropertyExpressionCollection filterProperties, Boolean findAll)
   at Microsoft.VisualStudio.TestTools.UITesting.IEBrowserFactory.Locate(PropertyExpressionCollection searchProperties, PropertyExpressionCollection filterProperties)
   at Microsoft.VisualStudio.TestTools.UITesting.SearchHelper.SearchTopLevelWindow(ISearchArgument topLevelSearchArg, String topLevelElementQueryId)
   at Microsoft.VisualStudio.TestTools.UITesting.SearchHelper.SearchUsingMultipleTitles(ISearchArgument topLevelSearchArg, QueryId topLevelQueryId, IList`1 windowTitles)
 --- End of inner exception stack trace ---
    at Microsoft.VisualStudio.TestTools.UITesting.SearchHelper.SearchUsingMultipleTitles(ISearchArgument topLevelSearchArg, QueryId topLevelQueryId, IList`1 windowTitles)
   at Microsoft.VisualStudio.TestTools.UITesting.SearchHelper.GetTitleUpdatedTopLevelWindow(ISearchArgument topLevelSearchArg, String queryId, IList`1 windowTitles)
   at Microsoft.VisualStudio.TestTools.UITesting.SearchHelper.GetTopLevelElement(Boolean useCache, Boolean useCacheOnly, ISearchArgument searchArg, IList`1 windowTitles, Int32&amp; timeLeft)
   at Microsoft.VisualStudio.TestTools.UITesting.SearchHelper.GetElement(Boolean useCache, ISearchArgument searchArg)
   at Microsoft.VisualStudio.TestTools.UITesting.SearchHelper.Search(ISearchArgument searchArg)
   at Microsoft.VisualStudio.TestTools.UITesting.UITestControl.FindInternal()
   at Microsoft.VisualStudio.TestTools.UITesting.ApplicationUnderTest.Find()
   at Microsoft.VisualStudio.TestTools.UITesting.UITestControl.GetProperty(String propertyName)
   at Microsoft.VisualStudio.TestTools.UITesting.UITestControl.GetPropertyInternal[T](String propertyName)
   at Microsoft.VisualStudio.TestTools.UITesting.UITestControl.get_WindowHandle()
   at Microsoft.VisualStudio.TestTools.UITesting.BrowserWindow.get_BrowserService()
   at Microsoft.VisualStudio.TestTools.UITesting.BrowserWindow.NavigateToUrl(Uri uri)
   at GoogleCalculatorTests.UIMap.TestAddOperatorInGoogleSearch() in D:\MAS\13НС9-1С\02-UserDirs\Manekovskiy\Software Testing\GoogleCalculatorTests\UIMap.Designer.cs:line 44
   at GoogleCalculatorTests.CodedUITest1.CodedUITestMethod1() in D:\MAS\13НС9-1С\02-UserDirs\Manekovskiy\Software Testing\GoogleCalculatorTests\CodedUITest1.cs:line 30
</StackTrace>
        </ErrorInfo>
      </Output>
      <ResultFiles>
        <ResultFile path="A1COMP1\CodedUITestMethod1.png" />
      </ResultFiles>
      <ExtensionResult>Exception has been thrown by the target of an invocation.</ExtensionResult>
    </UnitTestResult>
  </Results>
</TestRun>