<?xml version="1.0" encoding="UTF-8"?>
<TestRun id="bf7aa20e-6509-4979-8fd7-fafa1bbb0df9" name="manekovskiy@A1COMP1 2011-03-26 13:42:57" runUser="STEP\manekovskiy" xmlns="http://microsoft.com/schemas/VisualStudio/TeamTest/2010">
  <TestSettings name="Local" id="5004994d-31e5-4c57-8d6e-7c87a6d20541">
    <Description>These are default test settings for a local test run.</Description>
    <Deployment enabled="false" runDeploymentRoot="manekovskiy_A1COMP1 2011-03-26 13_42_57" />
    <Execution>
      <TestTypeSpecific />
      <AgentRule name="Execution Agents">
      </AgentRule>
    </Execution>
  </TestSettings>
  <Times creation="2011-03-26T13:42:57.1142489+02:00" queuing="2011-03-26T13:42:57.1298719+02:00" start="2011-03-26T13:42:57.1454949+02:00" finish="2011-03-26T13:43:07.9722339+02:00" />
  <ResultSummary outcome="Completed">
    <Counters total="1" executed="1" passed="1" error="0" failed="0" timeout="0" aborted="0" inconclusive="0" passedButRunAborted="0" notRunnable="0" notExecuted="0" disconnected="0" warning="0" completed="0" inProgress="0" pending="0" />
  </ResultSummary>
  <TestDefinitions>
    <UnitTest name="CodedUITestMethod1" storage="d:\mas\13нс9-1с\02-userdirs\manekovskiy\software testing\googlecalculatortests\bin\debug\googlecalculatortests.dll" id="f75202cb-a255-5287-b222-cf1cbdcc75c1">
      <Execution id="56a98653-088b-4f6c-bff8-e48e574c2d1e" />
      <TestMethod codeBase="D:/MAS/13НС9-1С/02-UserDirs/Manekovskiy/Software Testing/GoogleCalculatorTests/bin/Debug/GoogleCalculatorTests.DLL" adapterTypeName="Microsoft.VisualStudio.TestTools.TestTypes.Unit.UnitTestAdapter, Microsoft.VisualStudio.QualityTools.Tips.UnitTest.Adapter, Version=10.0.0.0, Culture=neutral, PublicKeyToken=b03f5f7f11d50a3a" className="GoogleCalculatorTests.CodedUITest3, GoogleCalculatorTests, Version=1.0.0.0, Culture=neutral, PublicKeyToken=null" name="CodedUITestMethod1" />
      <Extension>Microsoft.VisualStudio.TestTools.UITesting.CodedUITestAttribute, Microsoft.VisualStudio.QualityTools.CodedUITestFramework, Version=10.0.0.0, Culture=neutral, PublicKeyToken=b03f5f7f11d50a3a</Extension>
    </UnitTest>
  </TestDefinitions>
  <TestLists>
    <TestList name="Results Not in a List" id="8c84fa94-04c1-424b-9868-57a2d4851a1d" />
    <TestList name="All Loaded Results" id="19431567-8539-422a-85d7-44ee4e166bda" />
  </TestLists>
  <TestEntries>
    <TestEntry testId="f75202cb-a255-5287-b222-cf1cbdcc75c1" executionId="56a98653-088b-4f6c-bff8-e48e574c2d1e" testListId="8c84fa94-04c1-424b-9868-57a2d4851a1d" />
  </TestEntries>
  <Results>
    <UnitTestResult executionId="56a98653-088b-4f6c-bff8-e48e574c2d1e" testId="f75202cb-a255-5287-b222-cf1cbdcc75c1" testName="CodedUITestMethod1" computerName="A1COMP1" duration="00:00:10.4442698" startTime="2011-03-26T13:42:57.1454949+02:00" endTime="2011-03-26T13:43:07.9409879+02:00" testType="13cdc9d9-ddb5-4fa4-a97d-d965ccfc6d4b" outcome="Passed" testListId="8c84fa94-04c1-424b-9868-57a2d4851a1d" relativeResultsDirectory="56a98653-088b-4f6c-bff8-e48e574c2d1e">
      <Output>
        <DebugTrace>W, 3824, 71, 2011/03/26, 13:42:58.301, 41326434450933, QTAgent32.exe, &lt;a class=success&gt;Playback - {1} [SUCCESS] MouseButtonClick - "[MSAA, VisibleOnly]ControlType='Button' &amp;&amp; Name='Пуск'"
\0&lt;/a&gt;
W, 3824, 71, 2011/03/26, 13:42:58.754, 41327564630870, QTAgent32.exe, &lt;a class=success&gt;Playback - {2} [SUCCESS] MouseButtonClick - "[MSAA]ControlType='MenuItem' &amp;&amp; Name='Выполнить...'"
\0&lt;/a&gt;
E, 3824, 71, 2011/03/26, 13:42:58.942, 41328044920381, QTAgent32.exe, Exception: System.ArgumentException
	Message: Value does not fall within the expected range.
	Stack Trace:    at Accessibility.IAccessible.get_accRole(Object varChild)
   at Microsoft.VisualStudio.TestTools.UITest.Extension.Msaa.AccWrapper.get_RoleInt()
	BaseExceptionMessage: Value does not fall within the expected range.

E, 3824, 71, 2011/03/26, 13:42:58.942, 41328063771990, QTAgent32.exe, Exception: System.ArgumentException
	Message: Value does not fall within the expected range.
	Stack Trace:    at Accessibility.IAccessible.get_accRole(Object varChild)
   at Microsoft.VisualStudio.TestTools.UITest.Extension.Msaa.AccWrapper.get_RoleInt()
	BaseExceptionMessage: Value does not fall within the expected range.

W, 3824, 71, 2011/03/26, 13:42:59.348, 41329028144645, QTAgent32.exe, &lt;a class=success&gt;Playback - {3} [SUCCESS] LeftButtonClick  &lt; Mouse cursor location (79, 901) &gt;
\0&lt;/a&gt;
W, 3824, 71, 2011/03/26, 13:42:59.832, 41330252509316, QTAgent32.exe, &lt;a class=success&gt;Playback - {4} [SUCCESS] SetValueAsEditBox "notepad"  &lt; Set via SendKeys &gt;
\0&lt;/a&gt;
W, 3824, 71, 2011/03/26, 13:42:59.832, 41330252835925, QTAgent32.exe, &lt;a class=success&gt;Playback - {5} [SUCCESS] SetValueAsComboBox "notepad" - "[MSAA, VisibleOnly]ControlType='ComboBox' &amp;&amp; Name='Открыть:'"  &lt; Set via SetValueAsEditBox &gt;
\0&lt;/a&gt;
W, 3824, 71, 2011/03/26, 13:43:02.160, 41336056844116, QTAgent32.exe, &lt;a class=success&gt;Playback - {6} [SUCCESS] MouseButtonClick - "[MSAA, VisibleOnly]ControlType='Button' &amp;&amp; Name='ОК'"
\0&lt;/a&gt;
W, 3824, 71, 2011/03/26, 13:43:02.285, 41336378467821, QTAgent32.exe, Value in en-US resource 'Развернуть' does not match the defaultvalue 'Maximize'
W, 3824, 71, 2011/03/26, 13:43:02.285, 41336379274061, QTAgent32.exe, Value in en-US resource 'Восстановить' does not match the defaultvalue 'Restore'
W, 3824, 71, 2011/03/26, 13:43:02.301, 41336402129579, QTAgent32.exe, Value in en-US resource 'Назад' does not match the defaultvalue 'Back'
W, 3824, 71, 2011/03/26, 13:43:02.301, 41336402924153, QTAgent32.exe, Value in en-US resource 'Вперед' does not match the defaultvalue 'Forward'
W, 3824, 71, 2011/03/26, 13:43:02.301, 41336403589897, QTAgent32.exe, Value in en-US resource 'Обновить (F5)' does not match the defaultvalue 'Refresh (F5)'
W, 3824, 71, 2011/03/26, 13:43:02.301, 41336404234175, QTAgent32.exe, Value in en-US resource 'Остановить (Esc)' does not match the defaultvalue 'Stop (Esc)'
W, 3824, 71, 2011/03/26, 13:43:02.301, 41336404896408, QTAgent32.exe, Value in en-US resource 'Адрес' does not match the defaultvalue 'Address'
W, 3824, 71, 2011/03/26, 13:43:02.301, 41336405534318, QTAgent32.exe, Value in en-US resource 'Показать автозаполнение адресной строки' does not match the defaultvalue 'Show Address Bar Autocomplete'
W, 3824, 71, 2011/03/26, 13:43:02.301, 41336406206269, QTAgent32.exe, Value in en-US resource 'Выбор файла для выгрузки' does not match the defaultvalue 'Choose file'
W, 3824, 71, 2011/03/26, 13:43:02.301, 41336420105942, QTAgent32.exe, Value in en-US resource 'Фильтр Microsoft SmartScreen' does not match the defaultvalue 'Microsoft Phishing Filter'
W, 3824, 71, 2011/03/26, 13:43:02.301, 41336421382192, QTAgent32.exe, Value in en-US resource 'Автозаполнение' does not match the defaultvalue 'AutoComplete'
W, 3824, 71, 2011/03/26, 13:43:02.301, 41336422168611, QTAgent32.exe, Value in en-US resource 'Автозаполнение паролей' does not match the defaultvalue 'AutoComplete Passwords'
E, 3824, 71, 2011/03/26, 13:43:02.301, 41336423309569, QTAgent32.exe, LoadLibrary() : Unable to find the resource 37382 from assembly C:\WINDOWS\system32\ru-RU\ieframe.dll.mui: Error1814
W, 3824, 71, 2011/03/26, 13:43:02.301, 41336424819689, QTAgent32.exe, Value in en-US resource 'Сообщение с веб-страницы' does not match the defaultvalue 'Message from webpage'
E, 3824, 71, 2011/03/26, 13:43:02.301, 41336425344081, QTAgent32.exe, LoadLibrary() : Unable to find the resource 41728 from assembly C:\WINDOWS\system32\ru-RU\ieframe.dll.mui: Error1814
W, 3824, 71, 2011/03/26, 13:43:02.301, 41336426098640, QTAgent32.exe, Value in en-US resource 'Запрос пользователю' does not match the defaultvalue 'Explorer User Prompt'
W, 3824, 71, 2011/03/26, 13:43:02.301, 41336426870623, QTAgent32.exe, Value in en-US resource 'Отмена' does not match the defaultvalue 'Cancel'
W, 3824, 71, 2011/03/26, 13:43:02.301, 41336427524847, QTAgent32.exe, Value in en-US resource 'Закрыть' does not match the defaultvalue 'Close'
W, 3824, 71, 2011/03/26, 13:43:02.301, 41336428277772, QTAgent32.exe, Value in en-US resource 'ОК' does not match the defaultvalue 'OK'
W, 3824, 71, 2011/03/26, 13:43:02.301, 41336428937841, QTAgent32.exe, Value in en-US resource 'Предупреждение о безопасности' does not match the defaultvalue 'Security Warning'
E, 3824, 71, 2011/03/26, 13:43:02.301, 41336429295326, QTAgent32.exe, LoadIEStrings() - Could not find user32 resource assembly in uk-UA or ru-RU
W, 3824, 71, 2011/03/26, 13:43:02.832, 41337733092346, QTAgent32.exe, &lt;a class=success&gt;Playback - {7} [SUCCESS] SetValueAsEditBox "this is a test" - "[MSAA, VisibleOnly]ControlType='Edit'"  &lt; Set via SendKeys &gt;
\0&lt;/a&gt;
W, 3824, 71, 2011/03/26, 13:43:02.941, 41338005791753, QTAgent32.exe, FindScreenElementInSinglePass : Attempting to find control in one pass of search. Failures can occur.
W, 3824, 71, 2011/03/26, 13:43:02.957, 41338048642482, QTAgent32.exe, Playback - [WARNING] Internal failure: Method GetBoundingRectangle failed (HRESULT = 0x1, "Неверная функция.") for Name = "Сохранить	Ctrl+S" ," ControlType = "MenuItem"
\0
W, 3824, 71, 2011/03/26, 13:43:02.957, 41338048946129, QTAgent32.exe, Playback - [WARNING] Internal failure: Couldn't get clickable point for ScreenUIElement - GetClickablePoint failed
\0
W, 3824, 71, 2011/03/26, 13:43:02.972, 41338093320719, QTAgent32.exe, FindScreenElementInSinglePass : Attempting to find control in one pass of search. Failures can occur.
W, 3824, 71, 2011/03/26, 13:43:02.972, 41338100809160, QTAgent32.exe, FindScreenElementInSinglePass : Attempting to find control in one pass of search. Failures can occur.
W, 3824, 71, 2011/03/26, 13:43:05.206, 41343655335300, QTAgent32.exe, &lt;a class=success&gt;Playback - {8} [SUCCESS] LeftButtonClick - "[MSAA, VisibleOnly]ControlType='MenuBar' &amp;&amp; Name='Приложение'"  &lt; Mouse cursor location (637, 226) &gt;
\0&lt;/a&gt;
W, 3824, 71, 2011/03/26, 13:43:05.316, 41343928145551, QTAgent32.exe, &lt;a class=success&gt;Playback - {9} [SUCCESS] LeftButtonClick - "[MSAA]ControlType='MenuItem' &amp;&amp; Name='Файл'"  &lt; Mouse cursor location (180, 226) &gt;
\0&lt;/a&gt;
W, 3824, 71, 2011/03/26, 13:43:05.472, 41344317882796, QTAgent32.exe, &lt;a class=success&gt;Playback - {10} [SUCCESS] MouseButtonClick - "[MSAA]ControlType='MenuItem' &amp;&amp; Name='Сохранить	Ctrl+S'"
\0&lt;/a&gt;
E, 3824, 71, 2011/03/26, 13:43:05.769, 41345062430011, QTAgent32.exe, Exception: System.ArgumentException
	Message: Value does not fall within the expected range.
	Stack Trace:    at Accessibility.IAccessible.get_accRole(Object varChild)
   at Microsoft.VisualStudio.TestTools.UITest.Extension.Msaa.AccWrapper.get_RoleInt()
	BaseExceptionMessage: Value does not fall within the expected range.

E, 3824, 71, 2011/03/26, 13:43:05.769, 41345069565209, QTAgent32.exe, Exception: System.ArgumentException
	Message: Value does not fall within the expected range.
	Stack Trace:    at Accessibility.IAccessible.get_accRole(Object varChild)
   at Microsoft.VisualStudio.TestTools.UITest.Extension.Msaa.AccWrapper.get_RoleInt()
	BaseExceptionMessage: Value does not fall within the expected range.

W, 3824, 71, 2011/03/26, 13:43:06.019, 41345666049665, QTAgent32.exe, &lt;a class=success&gt;Playback - {11} [SUCCESS] LeftButtonClick  &lt; Mouse cursor location (368, 597) &gt;
\0&lt;/a&gt;
W, 3824, 71, 2011/03/26, 13:43:06.581, 41347069403512, QTAgent32.exe, &lt;a class=success&gt;Playback - {12} [SUCCESS] SetValueAsEditBox "testfile.txt"  &lt; Set via SendKeys &gt;
\0&lt;/a&gt;
W, 3824, 71, 2011/03/26, 13:43:06.581, 41347069736455, QTAgent32.exe, &lt;a class=success&gt;Playback - {13} [SUCCESS] SetValueAsComboBox "testfile.txt" - "[MSAA, VisibleOnly]ControlType='ComboBox' &amp;&amp; Name='Имя файла:'"  &lt; Set via SetValueAsEditBox &gt;
\0&lt;/a&gt;
W, 3824, 71, 2011/03/26, 13:43:06.878, 41347834209681, QTAgent32.exe, &lt;a class=success&gt;Playback - {14} [SUCCESS] MouseButtonClick - "[MSAA, VisibleOnly]ControlType='Button' &amp;&amp; Name='Сохранить'"
\0&lt;/a&gt;
W, 3824, 71, 2011/03/26, 13:43:07.269, 41348783004636, QTAgent32.exe, &lt;a class=success&gt;Playback - {15} [SUCCESS] MouseButtonClick - "[MSAA, VisibleOnly]ControlType='Button' &amp;&amp; Name='Закрыть'"
\0&lt;/a&gt;
W, 3824, 71, 2011/03/26, 13:43:07.909, 41350409954213, QTAgent32.exe, IEDOM : StopSession of the plugin called before StartSession
W, 3824, 71, 2011/03/26, 13:43:07.909, 41350410206001, QTAgent32.exe, UIA : StopSession of the plugin called before StartSession
</DebugTrace>
      </Output>
    </UnitTestResult>
  </Results>
</TestRun>