<?xml version="1.0" encoding="UTF-8"?>
<TestRun id="be0d98df-fa5c-424e-bfc7-19dbe5d2ddd6" name="manekovskiy@A1COMP1 2011-03-26 13:17:08" runUser="STEP\manekovskiy" xmlns="http://microsoft.com/schemas/VisualStudio/TeamTest/2010">
  <TestSettings name="Local" id="5004994d-31e5-4c57-8d6e-7c87a6d20541">
    <Description>These are default test settings for a local test run.</Description>
    <Deployment enabled="false" runDeploymentRoot="manekovskiy_A1COMP1 2011-03-26 13_17_08" />
    <Execution>
      <TestTypeSpecific />
      <AgentRule name="Execution Agents">
      </AgentRule>
    </Execution>
  </TestSettings>
  <Times creation="2011-03-26T13:17:08.7047880+02:00" queuing="2011-03-26T13:17:08.7204128+02:00" start="2011-03-26T13:17:08.7829120+02:00" finish="2011-03-26T13:17:32.1419880+02:00" />
  <ResultSummary outcome="Failed">
    <Counters total="1" executed="1" error="0" failed="1" timeout="0" aborted="0" inconclusive="0" passedButRunAborted="0" notRunnable="0" notExecuted="0" disconnected="0" warning="0" passed="0" completed="0" inProgress="0" pending="0" />
  </ResultSummary>
  <TestDefinitions>
    <UnitTest name="CodedUITestMethod1" storage="d:\mas\13нс9-1с\02-userdirs\manekovskiy\software testing\googlecalculatortests\bin\debug\googlecalculatortests.dll" id="f9262658-12ec-3d0f-ba5a-d3a1d4780f9c">
      <Execution id="a246ea69-7b1f-44b8-ab53-a8768a81e2ab" />
      <TestMethod codeBase="D:/MAS/13НС9-1С/02-UserDirs/Manekovskiy/Software Testing/GoogleCalculatorTests/bin/Debug/GoogleCalculatorTests.DLL" adapterTypeName="Microsoft.VisualStudio.TestTools.TestTypes.Unit.UnitTestAdapter, Microsoft.VisualStudio.QualityTools.Tips.UnitTest.Adapter, Version=10.0.0.0, Culture=neutral, PublicKeyToken=b03f5f7f11d50a3a" className="GoogleCalculatorTests.CodedUITest1, GoogleCalculatorTests, Version=1.0.0.0, Culture=neutral, PublicKeyToken=null" name="CodedUITestMethod1" />
      <Extension>Microsoft.VisualStudio.TestTools.UITesting.CodedUITestAttribute, Microsoft.VisualStudio.QualityTools.CodedUITestFramework, Version=10.0.0.0, Culture=neutral, PublicKeyToken=b03f5f7f11d50a3a</Extension>
    </UnitTest>
  </TestDefinitions>
  <TestLists>
    <TestList name="Results Not in a List" id="8c84fa94-04c1-424b-9868-57a2d4851a1d" />
    <TestList name="All Loaded Results" id="19431567-8539-422a-85d7-44ee4e166bda" />
  </TestLists>
  <TestEntries>
    <TestEntry testId="f9262658-12ec-3d0f-ba5a-d3a1d4780f9c" executionId="a246ea69-7b1f-44b8-ab53-a8768a81e2ab" testListId="8c84fa94-04c1-424b-9868-57a2d4851a1d" />
  </TestEntries>
  <Results>
    <UnitTestResult executionId="a246ea69-7b1f-44b8-ab53-a8768a81e2ab" testId="f9262658-12ec-3d0f-ba5a-d3a1d4780f9c" testName="CodedUITestMethod1" computerName="A1COMP1" duration="00:00:22.9366935" startTime="2011-03-26T13:17:08.7985368+02:00" endTime="2011-03-26T13:17:32.0951136+02:00" testType="13cdc9d9-ddb5-4fa4-a97d-d965ccfc6d4b" outcome="Failed" testListId="8c84fa94-04c1-424b-9868-57a2d4851a1d" relativeResultsDirectory="a246ea69-7b1f-44b8-ab53-a8768a81e2ab">
      <Output>
        <DebugTrace>W, 3824, 44, 2011/03/26, 13:17:09.579, 37464490343696, QTAgent32.exe, Value in en-US resource 'Развернуть' does not match the defaultvalue 'Maximize'
W, 3824, 44, 2011/03/26, 13:17:09.579, 37464493591299, QTAgent32.exe, Value in en-US resource 'Восстановить' does not match the defaultvalue 'Restore'
W, 3824, 44, 2011/03/26, 13:17:09.595, 37464528943679, QTAgent32.exe, Value in en-US resource 'Назад' does not match the defaultvalue 'Back'
W, 3824, 44, 2011/03/26, 13:17:09.595, 37464529704927, QTAgent32.exe, Value in en-US resource 'Вперед' does not match the defaultvalue 'Forward'
W, 3824, 44, 2011/03/26, 13:17:09.595, 37464530351045, QTAgent32.exe, Value in en-US resource 'Обновить (F5)' does not match the defaultvalue 'Refresh (F5)'
W, 3824, 44, 2011/03/26, 13:17:09.595, 37464530984093, QTAgent32.exe, Value in en-US resource 'Остановить (Esc)' does not match the defaultvalue 'Stop (Esc)'
W, 3824, 44, 2011/03/26, 13:17:09.595, 37464531634085, QTAgent32.exe, Value in en-US resource 'Адрес' does not match the defaultvalue 'Address'
W, 3824, 44, 2011/03/26, 13:17:09.595, 37464532481619, QTAgent32.exe, Value in en-US resource 'Показать автозаполнение адресной строки' does not match the defaultvalue 'Show Address Bar Autocomplete'
W, 3824, 44, 2011/03/26, 13:17:09.595, 37464533155080, QTAgent32.exe, Value in en-US resource 'Выбор файла для выгрузки' does not match the defaultvalue 'Choose file'
W, 3824, 44, 2011/03/26, 13:17:09.595, 37464546924393, QTAgent32.exe, Value in en-US resource 'Фильтр Microsoft SmartScreen' does not match the defaultvalue 'Microsoft Phishing Filter'
W, 3824, 44, 2011/03/26, 13:17:09.595, 37464548172586, QTAgent32.exe, Value in en-US resource 'Автозаполнение' does not match the defaultvalue 'AutoComplete'
W, 3824, 44, 2011/03/26, 13:17:09.595, 37464548959555, QTAgent32.exe, Value in en-US resource 'Автозаполнение паролей' does not match the defaultvalue 'AutoComplete Passwords'
E, 3824, 44, 2011/03/26, 13:17:09.595, 37464550099779, QTAgent32.exe, LoadLibrary() : Unable to find the resource 37382 from assembly C:\WINDOWS\system32\ru-RU\ieframe.dll.mui: Error1814
W, 3824, 44, 2011/03/26, 13:17:09.595, 37464551582817, QTAgent32.exe, Value in en-US resource 'Сообщение с веб-страницы' does not match the defaultvalue 'Message from webpage'
E, 3824, 44, 2011/03/26, 13:17:09.595, 37464552089463, QTAgent32.exe, LoadLibrary() : Unable to find the resource 41728 from assembly C:\WINDOWS\system32\ru-RU\ieframe.dll.mui: Error1814
W, 3824, 44, 2011/03/26, 13:17:09.595, 37464552860450, QTAgent32.exe, Value in en-US resource 'Запрос пользователю' does not match the defaultvalue 'Explorer User Prompt'
W, 3824, 44, 2011/03/26, 13:17:09.595, 37464553633446, QTAgent32.exe, Value in en-US resource 'Отмена' does not match the defaultvalue 'Cancel'
W, 3824, 44, 2011/03/26, 13:17:09.595, 37464554267037, QTAgent32.exe, Value in en-US resource 'Закрыть' does not match the defaultvalue 'Close'
W, 3824, 44, 2011/03/26, 13:17:09.595, 37464555016317, QTAgent32.exe, Value in en-US resource 'ОК' does not match the defaultvalue 'OK'
W, 3824, 44, 2011/03/26, 13:17:09.595, 37464555661860, QTAgent32.exe, Value in en-US resource 'Предупреждение о безопасности' does not match the defaultvalue 'Security Warning'
E, 3824, 44, 2011/03/26, 13:17:09.595, 37464556016244, QTAgent32.exe, LoadIEStrings() - Could not find user32 resource assembly in uk-UA or ru-RU
W, 3824, 44, 2011/03/26, 13:17:09.892, 37465316032046, QTAgent32.exe, Playback - [WARNING] Internal warning: Window Not Found: ControlType='Window' &amp;&amp; Name='http://www.microsoft.com/isapi/redir.dll?prd=ie&amp;pver=6&amp;ar=msnhome - Windows Internet Explorer' &amp;&amp; ClassName='IEFrame'
\0
E, 3824, 44, 2011/03/26, 13:17:09.892, 37465316608668, QTAgent32.exe, &lt;a class=failure&gt;Playback - {1} [FAILED] Function ElementFetcher::FindScreenElement failed to locate UI element (Searching: ;ControlType='Window' &amp;&amp; Name='http://www.microsoft.com/isapi/redir.dll?prd=ie&amp;pver=6&amp;ar=msnhome - Windows Internet Explorer' &amp;&amp; ClassName='IEFrame') (Указанный объект не найден.)
\0&lt;/a&gt;
E, 3824, 44, 2011/03/26, 13:17:09.986, 37465552859452, QTAgent32.exe, Playback - [IMAGE] C:\Documents and Settings\manekovskiy\Local Settings\Temp\UITestLogs\LastRun\RPF4BA.png
\0
W, 3824, 44, 2011/03/26, 13:17:09.986, 37465553441493, QTAgent32.exe, Playback - [WARNING] Internal warning: Couldn't find descendants that match QueryId
\0
W, 3824, 44, 2011/03/26, 13:17:10.032, 37465619921917, QTAgent32.exe, Playback - [WARNING] Internal warning: Window Not Found: ControlType='Window' &amp;&amp; Name='http://www.microsoft.com/isapi/redir.dll?prd=ie&amp;pver=6&amp;ar=msnhome - Windows Internet Explorer' &amp;&amp; ClassName='IEFrame'
\0
E, 3824, 44, 2011/03/26, 13:17:10.032, 37465620556210, QTAgent32.exe, &lt;a class=failure&gt;Playback - {2} [FAILED] Function ElementFetcher::FindScreenElement failed to locate UI element (Searching: ;ControlType='Window' &amp;&amp; Name='http://www.microsoft.com/isapi/redir.dll?prd=ie&amp;pver=6&amp;ar=msnhome - Windows Internet Explorer' &amp;&amp; ClassName='IEFrame') (Указанный объект не найден.)
\0&lt;/a&gt;
E, 3824, 44, 2011/03/26, 13:17:10.126, 37465871944884, QTAgent32.exe, Playback - [IMAGE] C:\Documents and Settings\manekovskiy\Local Settings\Temp\UITestLogs\LastRun\RPF4BB.png
\0
W, 3824, 44, 2011/03/26, 13:17:10.126, 37465872506463, QTAgent32.exe, Playback - [WARNING] Internal warning: Couldn't find descendants that match QueryId
\0
W, 3824, 44, 2011/03/26, 13:17:10.454, 37466672489457, QTAgent32.exe, Playback - [WARNING] Internal warning: Window Not Found: ControlType='Window' &amp;&amp; Name='http://www.microsoft.com/isapi/redir.dll?prd=ie&amp;pver=6&amp;ar=msnhome - Windows Internet Explorer' &amp;&amp; ClassName='IEFrame'
\0
E, 3824, 44, 2011/03/26, 13:17:10.454, 37466673034967, QTAgent32.exe, &lt;a class=failure&gt;Playback - {3} [FAILED] Function ElementFetcher::FindScreenElement failed to locate UI element (Searching: ;ControlType='Window' &amp;&amp; Name='http://www.microsoft.com/isapi/redir.dll?prd=ie&amp;pver=6&amp;ar=msnhome - Windows Internet Explorer' &amp;&amp; ClassName='IEFrame') (Указанный объект не найден.)
\0&lt;/a&gt;
E, 3824, 44, 2011/03/26, 13:17:10.548, 37466923342624, QTAgent32.exe, Playback - [IMAGE] C:\Documents and Settings\manekovskiy\Local Settings\Temp\UITestLogs\LastRun\RPF4BC.png
\0
W, 3824, 44, 2011/03/26, 13:17:10.548, 37466923903971, QTAgent32.exe, Playback - [WARNING] Internal warning: Couldn't find descendants that match QueryId
\0
E, 3824, 44, 2011/03/26, 13:17:10.548, 37466928645134, QTAgent32.exe, Exception: System.Runtime.InteropServices.COMException
	Message: Error HRESULT E_FAIL has been returned from a call to a COM component.
	Stack Trace:    at Microsoft.VisualStudio.TestTools.UITest.Playback.Engine.IRPFPlayback.FindAllScreenElements(IScreenElement pScreenElementStart, String bstrQueryId, Object&amp; pvarResKeys, Int32 cResKeys, Int32 nMaxDepth, Object[]&amp; foundDescendants)
   at Microsoft.VisualStudio.TestTools.UITest.Playback.ScreenElement.FindTopLevelWindowHelper(String queryId)
	BaseExceptionMessage: Error HRESULT E_FAIL has been returned from a call to a COM component.

W, 3824, 44, 2011/03/26, 13:17:10.986, 37468047583167, QTAgent32.exe, Playback - [WARNING] Internal warning: Window Not Found: ControlType='Window' &amp;&amp; Name='http://home.microsoft.com/ - Windows Internet Explorer' &amp;&amp; ClassName='IEFrame'
\0
E, 3824, 44, 2011/03/26, 13:17:10.986, 37468048131804, QTAgent32.exe, &lt;a class=failure&gt;Playback - {4} [FAILED] Function ElementFetcher::FindScreenElement failed to locate UI element (Searching: ;ControlType='Window' &amp;&amp; Name='http://home.microsoft.com/ - Windows Internet Explorer' &amp;&amp; ClassName='IEFrame') (Указанный объект не найден.)
\0&lt;/a&gt;
E, 3824, 44, 2011/03/26, 13:17:11.095, 37468275861670, QTAgent32.exe, Playback - [IMAGE] C:\Documents and Settings\manekovskiy\Local Settings\Temp\UITestLogs\LastRun\RPF4BD.png
\0
W, 3824, 44, 2011/03/26, 13:17:11.095, 37468276459960, QTAgent32.exe, Playback - [WARNING] Internal warning: Couldn't find descendants that match QueryId
\0
W, 3824, 44, 2011/03/26, 13:17:11.126, 37468353741278, QTAgent32.exe, Playback - [WARNING] Internal warning: Window Not Found: ControlType='Window' &amp;&amp; Name='http://home.microsoft.com/ - Windows Internet Explorer' &amp;&amp; ClassName='IEFrame'
\0
E, 3824, 44, 2011/03/26, 13:17:11.126, 37468354258639, QTAgent32.exe, &lt;a class=failure&gt;Playback - {5} [FAILED] Function ElementFetcher::FindScreenElement failed to locate UI element (Searching: ;ControlType='Window' &amp;&amp; Name='http://home.microsoft.com/ - Windows Internet Explorer' &amp;&amp; ClassName='IEFrame') (Указанный объект не найден.)
\0&lt;/a&gt;
E, 3824, 44, 2011/03/26, 13:17:11.220, 37468607976215, QTAgent32.exe, Playback - [IMAGE] C:\Documents and Settings\manekovskiy\Local Settings\Temp\UITestLogs\LastRun\RPF4BE.png
\0
W, 3824, 44, 2011/03/26, 13:17:11.220, 37468608589735, QTAgent32.exe, Playback - [WARNING] Internal warning: Couldn't find descendants that match QueryId
\0
W, 3824, 44, 2011/03/26, 13:17:11.532, 37469362062451, QTAgent32.exe, Playback - [WARNING] Internal warning: Window Not Found: ControlType='Window' &amp;&amp; Name='http://home.microsoft.com/ - Windows Internet Explorer' &amp;&amp; ClassName='IEFrame'
\0
E, 3824, 44, 2011/03/26, 13:17:11.532, 37469362569679, QTAgent32.exe, &lt;a class=failure&gt;Playback - {6} [FAILED] Function ElementFetcher::FindScreenElement failed to locate UI element (Searching: ;ControlType='Window' &amp;&amp; Name='http://home.microsoft.com/ - Windows Internet Explorer' &amp;&amp; ClassName='IEFrame') (Указанный объект не найден.)
\0&lt;/a&gt;
E, 3824, 44, 2011/03/26, 13:17:11.626, 37469600591485, QTAgent32.exe, Playback - [IMAGE] C:\Documents and Settings\manekovskiy\Local Settings\Temp\UITestLogs\LastRun\RPF4BF.png
\0
W, 3824, 44, 2011/03/26, 13:17:11.626, 37469600962255, QTAgent32.exe, Playback - [WARNING] Internal warning: Couldn't find descendants that match QueryId
\0
E, 3824, 44, 2011/03/26, 13:17:11.626, 37469601717491, QTAgent32.exe, Exception: System.Runtime.InteropServices.COMException
	Message: Error HRESULT E_FAIL has been returned from a call to a COM component.
	Stack Trace:    at Microsoft.VisualStudio.TestTools.UITest.Playback.Engine.IRPFPlayback.FindAllScreenElements(IScreenElement pScreenElementStart, String bstrQueryId, Object&amp; pvarResKeys, Int32 cResKeys, Int32 nMaxDepth, Object[]&amp; foundDescendants)
   at Microsoft.VisualStudio.TestTools.UITest.Playback.ScreenElement.FindTopLevelWindowHelper(String queryId)
	BaseExceptionMessage: Error HRESULT E_FAIL has been returned from a call to a COM component.

W, 3824, 44, 2011/03/26, 13:17:11.907, 37470329492957, QTAgent32.exe, Playback - [WARNING] Internal warning: Window Not Found: ControlType='Window' &amp;&amp; Name='http://www.msn.com/ - Windows Internet Explorer' &amp;&amp; ClassName='IEFrame'
\0
E, 3824, 44, 2011/03/26, 13:17:11.907, 37470330009620, QTAgent32.exe, &lt;a class=failure&gt;Playback - {7} [FAILED] Function ElementFetcher::FindScreenElement failed to locate UI element (Searching: ;ControlType='Window' &amp;&amp; Name='http://www.msn.com/ - Windows Internet Explorer' &amp;&amp; ClassName='IEFrame') (Указанный объект не найден.)
\0&lt;/a&gt;
E, 3824, 44, 2011/03/26, 13:17:12.017, 37470586005570, QTAgent32.exe, Playback - [IMAGE] C:\Documents and Settings\manekovskiy\Local Settings\Temp\UITestLogs\LastRun\RPF4C0.png
\0
W, 3824, 44, 2011/03/26, 13:17:12.017, 37470571717840, QTAgent32.exe, Playback - [WARNING] Internal warning: Couldn't find descendants that match QueryId
\0
W, 3824, 44, 2011/03/26, 13:17:12.048, 37470663508454, QTAgent32.exe, Playback - [WARNING] Internal warning: Window Not Found: ControlType='Window' &amp;&amp; Name='http://www.msn.com/ - Windows Internet Explorer' &amp;&amp; ClassName='IEFrame'
\0
E, 3824, 44, 2011/03/26, 13:17:12.048, 37470664045250, QTAgent32.exe, &lt;a class=failure&gt;Playback - {8} [FAILED] Function ElementFetcher::FindScreenElement failed to locate UI element (Searching: ;ControlType='Window' &amp;&amp; Name='http://www.msn.com/ - Windows Internet Explorer' &amp;&amp; ClassName='IEFrame') (Указанный объект не найден.)
\0&lt;/a&gt;
E, 3824, 44, 2011/03/26, 13:17:12.157, 37470952698648, QTAgent32.exe, Playback - [IMAGE] C:\Documents and Settings\manekovskiy\Local Settings\Temp\UITestLogs\LastRun\RPF4C1.png
\0
W, 3824, 44, 2011/03/26, 13:17:12.157, 37470953143560, QTAgent32.exe, Playback - [WARNING] Internal warning: Couldn't find descendants that match QueryId
\0
W, 3824, 44, 2011/03/26, 13:17:12.923, 37472831679208, QTAgent32.exe, Playback - [WARNING] Internal warning: Window Not Found: ControlType='Window' &amp;&amp; Name='http://www.msn.com/ - Windows Internet Explorer' &amp;&amp; ClassName='IEFrame'
\0
E, 3824, 44, 2011/03/26, 13:17:12.923, 37472832408700, QTAgent32.exe, &lt;a class=failure&gt;Playback - {9} [FAILED] Function ElementFetcher::FindScreenElement failed to locate UI element (Searching: ;ControlType='Window' &amp;&amp; Name='http://www.msn.com/ - Windows Internet Explorer' &amp;&amp; ClassName='IEFrame') (Указанный объект не найден.)
\0&lt;/a&gt;
E, 3824, 44, 2011/03/26, 13:17:13.017, 37473072527359, QTAgent32.exe, Playback - [IMAGE] C:\Documents and Settings\manekovskiy\Local Settings\Temp\UITestLogs\LastRun\RPF4C2.png
\0
W, 3824, 44, 2011/03/26, 13:17:13.017, 37473072931242, QTAgent32.exe, Playback - [WARNING] Internal warning: Couldn't find descendants that match QueryId
\0
W, 3824, 44, 2011/03/26, 13:17:13.017, 37473074125751, QTAgent32.exe, PERF WARNING: FindTopLevelWindowHelper::FindAllDescendents: took 849 ms. Expected it to take maximum 500 ms.
E, 3824, 44, 2011/03/26, 13:17:13.017, 37473074525836, QTAgent32.exe, Exception: System.Runtime.InteropServices.COMException
	Message: Error HRESULT E_FAIL has been returned from a call to a COM component.
	Stack Trace:    at Microsoft.VisualStudio.TestTools.UITest.Playback.Engine.IRPFPlayback.FindAllScreenElements(IScreenElement pScreenElementStart, String bstrQueryId, Object&amp; pvarResKeys, Int32 cResKeys, Int32 nMaxDepth, Object[]&amp; foundDescendants)
   at Microsoft.VisualStudio.TestTools.UITest.Playback.ScreenElement.FindTopLevelWindowHelper(String queryId)
	BaseExceptionMessage: Error HRESULT E_FAIL has been returned from a call to a COM component.

W, 3824, 44, 2011/03/26, 13:17:13.329, 37473876619931, QTAgent32.exe, Playback - [WARNING] Internal warning: Window Not Found: ControlType='Window' &amp;&amp; Name='MSN.com - Windows Internet Explorer' &amp;&amp; ClassName='IEFrame'
\0
E, 3824, 44, 2011/03/26, 13:17:13.329, 37473877129548, QTAgent32.exe, &lt;a class=failure&gt;Playback - {10} [FAILED] Function ElementFetcher::FindScreenElement failed to locate UI element (Searching: ;ControlType='Window' &amp;&amp; Name='MSN.com - Windows Internet Explorer' &amp;&amp; ClassName='IEFrame') (Указанный объект не найден.)
\0&lt;/a&gt;
E, 3824, 44, 2011/03/26, 13:17:13.423, 37474123461602, QTAgent32.exe, Playback - [IMAGE] C:\Documents and Settings\manekovskiy\Local Settings\Temp\UITestLogs\LastRun\RPF4C4.png
\0
W, 3824, 44, 2011/03/26, 13:17:13.423, 37474124052720, QTAgent32.exe, Playback - [WARNING] Internal warning: Couldn't find descendants that match QueryId
\0
W, 3824, 44, 2011/03/26, 13:17:13.470, 37474210073878, QTAgent32.exe, Playback - [WARNING] Internal warning: Window Not Found: ControlType='Window' &amp;&amp; Name='MSN.com - Windows Internet Explorer' &amp;&amp; ClassName='IEFrame'
\0
E, 3824, 44, 2011/03/26, 13:17:13.470, 37474210593973, QTAgent32.exe, &lt;a class=failure&gt;Playback - {11} [FAILED] Function ElementFetcher::FindScreenElement failed to locate UI element (Searching: ;ControlType='Window' &amp;&amp; Name='MSN.com - Windows Internet Explorer' &amp;&amp; ClassName='IEFrame') (Указанный объект не найден.)
\0&lt;/a&gt;
E, 3824, 44, 2011/03/26, 13:17:13.564, 37474431077182, QTAgent32.exe, Playback - [IMAGE] C:\Documents and Settings\manekovskiy\Local Settings\Temp\UITestLogs\LastRun\RPF4C5.png
\0
W, 3824, 44, 2011/03/26, 13:17:13.564, 37474431656997, QTAgent32.exe, Playback - [WARNING] Internal warning: Couldn't find descendants that match QueryId
\0
W, 3824, 44, 2011/03/26, 13:17:13.876, 37475208349779, QTAgent32.exe, Playback - [WARNING] Internal warning: Window Not Found: ControlType='Window' &amp;&amp; Name='MSN.com - Windows Internet Explorer' &amp;&amp; ClassName='IEFrame'
\0
E, 3824, 44, 2011/03/26, 13:17:13.876, 37475208867002, QTAgent32.exe, &lt;a class=failure&gt;Playback - {12} [FAILED] Function ElementFetcher::FindScreenElement failed to locate UI element (Searching: ;ControlType='Window' &amp;&amp; Name='MSN.com - Windows Internet Explorer' &amp;&amp; ClassName='IEFrame') (Указанный объект не найден.)
\0&lt;/a&gt;
E, 3824, 44, 2011/03/26, 13:17:13.954, 37475436999042, QTAgent32.exe, Playback - [IMAGE] C:\Documents and Settings\manekovskiy\Local Settings\Temp\UITestLogs\LastRun\RPF4C7.png
\0
W, 3824, 44, 2011/03/26, 13:17:13.954, 37475437370891, QTAgent32.exe, Playback - [WARNING] Internal warning: Couldn't find descendants that match QueryId
\0
E, 3824, 44, 2011/03/26, 13:17:13.970, 37475438161662, QTAgent32.exe, Exception: System.Runtime.InteropServices.COMException
	Message: Error HRESULT E_FAIL has been returned from a call to a COM component.
	Stack Trace:    at Microsoft.VisualStudio.TestTools.UITest.Playback.Engine.IRPFPlayback.FindAllScreenElements(IScreenElement pScreenElementStart, String bstrQueryId, Object&amp; pvarResKeys, Int32 cResKeys, Int32 nMaxDepth, Object[]&amp; foundDescendants)
   at Microsoft.VisualStudio.TestTools.UITest.Playback.ScreenElement.FindTopLevelWindowHelper(String queryId)
	BaseExceptionMessage: Error HRESULT E_FAIL has been returned from a call to a COM component.

W, 3824, 44, 2011/03/26, 13:17:14.267, 37476179563978, QTAgent32.exe, Playback - [WARNING] Internal warning: Window Not Found: ControlType='Window' &amp;&amp; Name='http://www.microsoft.com/isapi/redir.dll?prd=ie&amp;pver=6&amp;ar=msnhome - Windows Internet Explorer' &amp;&amp; ClassName='IEFrame'
\0
E, 3824, 44, 2011/03/26, 13:17:14.267, 37476180113529, QTAgent32.exe, &lt;a class=failure&gt;Playback - {13} [FAILED] Function ElementFetcher::FindScreenElement failed to locate UI element (Searching: ;ControlType='Window' &amp;&amp; Name='http://www.microsoft.com/isapi/redir.dll?prd=ie&amp;pver=6&amp;ar=msnhome - Windows Internet Explorer' &amp;&amp; ClassName='IEFrame') (Указанный объект не найден.)
\0&lt;/a&gt;
E, 3824, 44, 2011/03/26, 13:17:14.345, 37476422949682, QTAgent32.exe, Playback - [IMAGE] C:\Documents and Settings\manekovskiy\Local Settings\Temp\UITestLogs\LastRun\RPF4C8.png
\0
W, 3824, 44, 2011/03/26, 13:17:14.345, 37476423540992, QTAgent32.exe, Playback - [WARNING] Internal warning: Couldn't find descendants that match QueryId
\0
W, 3824, 44, 2011/03/26, 13:17:15.095, 37478263631291, QTAgent32.exe, Playback - [WARNING] Internal warning: Window Not Found: ControlType='Window' &amp;&amp; Name='http://www.microsoft.com/isapi/redir.dll?prd=ie&amp;pver=6&amp;ar=msnhome - Windows Internet Explorer' &amp;&amp; ClassName='IEFrame'
\0
E, 3824, 44, 2011/03/26, 13:17:15.095, 37478249794490, QTAgent32.exe, &lt;a class=failure&gt;Playback - {14} [FAILED] Function ElementFetcher::FindScreenElement failed to locate UI element (Searching: ;ControlType='Window' &amp;&amp; Name='http://www.microsoft.com/isapi/redir.dll?prd=ie&amp;pver=6&amp;ar=msnhome - Windows Internet Explorer' &amp;&amp; ClassName='IEFrame') (Указанный объект не найден.)
\0&lt;/a&gt;
E, 3824, 44, 2011/03/26, 13:17:15.189, 37478504904506, QTAgent32.exe, Playback - [IMAGE] C:\Documents and Settings\manekovskiy\Local Settings\Temp\UITestLogs\LastRun\RPF4CB.png
\0
W, 3824, 44, 2011/03/26, 13:17:15.189, 37478506854566, QTAgent32.exe, Playback - [WARNING] Internal warning: Couldn't find descendants that match QueryId
\0
W, 3824, 44, 2011/03/26, 13:17:15.189, 37478507436093, QTAgent32.exe, PERF WARNING: FindTopLevelWindowHelper::FindAllDescendents: took 835 ms. Expected it to take maximum 500 ms.
W, 3824, 44, 2011/03/26, 13:17:15.704, 37479799998507, QTAgent32.exe, Playback - [WARNING] Internal warning: Smart Match failed
\0
W, 3824, 44, 2011/03/26, 13:17:16.720, 37482299016095, QTAgent32.exe, Playback - [WARNING] Internal warning: Smart Match failed
\0
W, 3824, 44, 2011/03/26, 13:17:17.642, 37484625875056, QTAgent32.exe, Playback - [WARNING] Internal warning: Smart Match failed
\0
W, 3824, 44, 2011/03/26, 13:17:18.376, 37486455708737, QTAgent32.exe, Playback - [WARNING] Internal warning: Window Not Found: ControlType='Window' &amp;&amp; Name='http://www.microsoft.com/isapi/redir.dll?prd=ie&amp;pver=6&amp;ar=msnhome - Windows Internet Explorer' &amp;&amp; ClassName='IEFrame'
\0
E, 3824, 44, 2011/03/26, 13:17:18.376, 37486456235925, QTAgent32.exe, &lt;a class=failure&gt;Playback - {15} [FAILED] Function ElementFetcher::FindScreenElement failed to locate UI element (Searching: ;ControlType='Window' &amp;&amp; Name='http://www.microsoft.com/isapi/redir.dll?prd=ie&amp;pver=6&amp;ar=msnhome - Windows Internet Explorer' &amp;&amp; ClassName='IEFrame') (Указанный объект не найден.)
\0&lt;/a&gt;
E, 3824, 44, 2011/03/26, 13:17:18.470, 37486704878515, QTAgent32.exe, Playback - [IMAGE] C:\Documents and Settings\manekovskiy\Local Settings\Temp\UITestLogs\LastRun\RPF4E5.png
\0
W, 3824, 44, 2011/03/26, 13:17:18.470, 37486705262546, QTAgent32.exe, Playback - [WARNING] Internal warning: Couldn't find descendants that match QueryId
\0
W, 3824, 44, 2011/03/26, 13:17:18.470, 37486705779212, QTAgent32.exe, PERF WARNING: FindTopLevelWindowHelper::FindAllDescendents: took 3287 ms. Expected it to take maximum 500 ms.
E, 3824, 44, 2011/03/26, 13:17:18.470, 37486706102475, QTAgent32.exe, Exception: System.Runtime.InteropServices.COMException
	Message: Error HRESULT E_FAIL has been returned from a call to a COM component.
	Stack Trace:    at Microsoft.VisualStudio.TestTools.UITest.Playback.Engine.IRPFPlayback.FindAllScreenElements(IScreenElement pScreenElementStart, String bstrQueryId, Object&amp; pvarResKeys, Int32 cResKeys, Int32 nMaxDepth, Object[]&amp; foundDescendants)
   at Microsoft.VisualStudio.TestTools.UITest.Playback.ScreenElement.FindTopLevelWindowHelper(String queryId)
	BaseExceptionMessage: Error HRESULT E_FAIL has been returned from a call to a COM component.

W, 3824, 44, 2011/03/26, 13:17:18.798, 37487530997157, QTAgent32.exe, Playback - [WARNING] Internal warning: Window Not Found: ControlType='Window' &amp;&amp; Name='http://home.microsoft.com/ - Windows Internet Explorer' &amp;&amp; ClassName='IEFrame'
\0
E, 3824, 44, 2011/03/26, 13:17:18.798, 37487531522221, QTAgent32.exe, &lt;a class=failure&gt;Playback - {16} [FAILED] Function ElementFetcher::FindScreenElement failed to locate UI element (Searching: ;ControlType='Window' &amp;&amp; Name='http://home.microsoft.com/ - Windows Internet Explorer' &amp;&amp; ClassName='IEFrame') (Указанный объект не найден.)
\0&lt;/a&gt;
E, 3824, 44, 2011/03/26, 13:17:18.907, 37487760566608, QTAgent32.exe, Playback - [IMAGE] C:\Documents and Settings\manekovskiy\Local Settings\Temp\UITestLogs\LastRun\RPF4E8.png
\0
W, 3824, 44, 2011/03/26, 13:17:18.907, 37487761136604, QTAgent32.exe, Playback - [WARNING] Internal warning: Couldn't find descendants that match QueryId
\0
W, 3824, 44, 2011/03/26, 13:17:19.220, 37488554244408, QTAgent32.exe, Playback - [WARNING] Internal warning: Window Not Found: ControlType='Window' &amp;&amp; Name='http://home.microsoft.com/ - Windows Internet Explorer' &amp;&amp; ClassName='IEFrame'
\0
E, 3824, 44, 2011/03/26, 13:17:19.220, 37488554767761, QTAgent32.exe, &lt;a class=failure&gt;Playback - {17} [FAILED] Function ElementFetcher::FindScreenElement failed to locate UI element (Searching: ;ControlType='Window' &amp;&amp; Name='http://home.microsoft.com/ - Windows Internet Explorer' &amp;&amp; ClassName='IEFrame') (Указанный объект не найден.)
\0&lt;/a&gt;
E, 3824, 44, 2011/03/26, 13:17:19.314, 37488781737055, QTAgent32.exe, Playback - [IMAGE] C:\Documents and Settings\manekovskiy\Local Settings\Temp\UITestLogs\LastRun\RPF4E9.png
\0
W, 3824, 44, 2011/03/26, 13:17:19.314, 37488782305662, QTAgent32.exe, Playback - [WARNING] Internal warning: Couldn't find descendants that match QueryId
\0
W, 3824, 44, 2011/03/26, 13:17:19.751, 37489890133963, QTAgent32.exe, Playback - [WARNING] Internal warning: Smart Match failed
\0
W, 3824, 44, 2011/03/26, 13:17:20.829, 37492560778885, QTAgent32.exe, Playback - [WARNING] Internal warning: Smart Match failed
\0
W, 3824, 44, 2011/03/26, 13:17:21.782, 37494959627650, QTAgent32.exe, Playback - [WARNING] Internal warning: Smart Match failed
\0
W, 3824, 44, 2011/03/26, 13:17:22.532, 37496802612292, QTAgent32.exe, Playback - [WARNING] Internal warning: Window Not Found: ControlType='Window' &amp;&amp; Name='http://home.microsoft.com/ - Windows Internet Explorer' &amp;&amp; ClassName='IEFrame'
\0
E, 3824, 44, 2011/03/26, 13:17:22.532, 37496803132915, QTAgent32.exe, &lt;a class=failure&gt;Playback - {18} [FAILED] Function ElementFetcher::FindScreenElement failed to locate UI element (Searching: ;ControlType='Window' &amp;&amp; Name='http://home.microsoft.com/ - Windows Internet Explorer' &amp;&amp; ClassName='IEFrame') (Указанный объект не найден.)
\0&lt;/a&gt;
E, 3824, 44, 2011/03/26, 13:17:22.626, 37497033500754, QTAgent32.exe, Playback - [IMAGE] C:\Documents and Settings\manekovskiy\Local Settings\Temp\UITestLogs\LastRun\RPF4EC.png
\0
W, 3824, 44, 2011/03/26, 13:17:22.626, 37497034055470, QTAgent32.exe, Playback - [WARNING] Internal warning: Couldn't find descendants that match QueryId
\0
W, 3824, 44, 2011/03/26, 13:17:22.626, 37497034822779, QTAgent32.exe, PERF WARNING: FindTopLevelWindowHelper::FindAllDescendents: took 3308 ms. Expected it to take maximum 500 ms.
E, 3824, 44, 2011/03/26, 13:17:22.626, 37497035252404, QTAgent32.exe, Exception: System.Runtime.InteropServices.COMException
	Message: Error HRESULT E_FAIL has been returned from a call to a COM component.
	Stack Trace:    at Microsoft.VisualStudio.TestTools.UITest.Playback.Engine.IRPFPlayback.FindAllScreenElements(IScreenElement pScreenElementStart, String bstrQueryId, Object&amp; pvarResKeys, Int32 cResKeys, Int32 nMaxDepth, Object[]&amp; foundDescendants)
   at Microsoft.VisualStudio.TestTools.UITest.Playback.ScreenElement.FindTopLevelWindowHelper(String queryId)
	BaseExceptionMessage: Error HRESULT E_FAIL has been returned from a call to a COM component.

W, 3824, 44, 2011/03/26, 13:17:22.938, 37497824527180, QTAgent32.exe, Playback - [WARNING] Internal warning: Window Not Found: ControlType='Window' &amp;&amp; Name='http://www.msn.com/ - Windows Internet Explorer' &amp;&amp; ClassName='IEFrame'
\0
E, 3824, 44, 2011/03/26, 13:17:22.938, 37497825046906, QTAgent32.exe, &lt;a class=failure&gt;Playback - {19} [FAILED] Function ElementFetcher::FindScreenElement failed to locate UI element (Searching: ;ControlType='Window' &amp;&amp; Name='http://www.msn.com/ - Windows Internet Explorer' &amp;&amp; ClassName='IEFrame') (Указанный объект не найден.)
\0&lt;/a&gt;
E, 3824, 44, 2011/03/26, 13:17:23.032, 37498055100223, QTAgent32.exe, Playback - [IMAGE] C:\Documents and Settings\manekovskiy\Local Settings\Temp\UITestLogs\LastRun\RPF4ED.png
\0
W, 3824, 44, 2011/03/26, 13:17:23.032, 37498055698756, QTAgent32.exe, Playback - [WARNING] Internal warning: Couldn't find descendants that match QueryId
\0
W, 3824, 44, 2011/03/26, 13:17:23.329, 37498801277902, QTAgent32.exe, Playback - [WARNING] Internal warning: Window Not Found: ControlType='Window' &amp;&amp; Name='http://www.msn.com/ - Windows Internet Explorer' &amp;&amp; ClassName='IEFrame'
\0
E, 3824, 44, 2011/03/26, 13:17:23.329, 37498801783428, QTAgent32.exe, &lt;a class=failure&gt;Playback - {20} [FAILED] Function ElementFetcher::FindScreenElement failed to locate UI element (Searching: ;ControlType='Window' &amp;&amp; Name='http://www.msn.com/ - Windows Internet Explorer' &amp;&amp; ClassName='IEFrame') (Указанный объект не найден.)
\0&lt;/a&gt;
E, 3824, 44, 2011/03/26, 13:17:23.423, 37499030972172, QTAgent32.exe, Playback - [IMAGE] C:\Documents and Settings\manekovskiy\Local Settings\Temp\UITestLogs\LastRun\RPF4EE.png
\0
W, 3824, 44, 2011/03/26, 13:17:23.423, 37499031532911, QTAgent32.exe, Playback - [WARNING] Internal warning: Couldn't find descendants that match QueryId
\0
W, 3824, 44, 2011/03/26, 13:17:23.860, 37500139037092, QTAgent32.exe, Playback - [WARNING] Internal warning: Smart Match failed
\0
W, 3824, 44, 2011/03/26, 13:17:24.704, 37502223582543, QTAgent32.exe, Playback - [WARNING] Internal warning: Smart Match failed
\0
W, 3824, 44, 2011/03/26, 13:17:25.563, 37504366768365, QTAgent32.exe, Playback - [WARNING] Internal warning: Smart Match failed
\0
W, 3824, 44, 2011/03/26, 13:17:26.407, 37506471060019, QTAgent32.exe, Playback - [WARNING] Internal warning: Smart Match failed
\0
W, 3824, 44, 2011/03/26, 13:17:27.126, 37508282423734, QTAgent32.exe, Playback - [WARNING] Internal warning: Window Not Found: ControlType='Window' &amp;&amp; Name='http://www.msn.com/ - Windows Internet Explorer' &amp;&amp; ClassName='IEFrame'
\0
E, 3824, 44, 2011/03/26, 13:17:27.126, 37508282950036, QTAgent32.exe, &lt;a class=failure&gt;Playback - {21} [FAILED] Function ElementFetcher::FindScreenElement failed to locate UI element (Searching: ;ControlType='Window' &amp;&amp; Name='http://www.msn.com/ - Windows Internet Explorer' &amp;&amp; ClassName='IEFrame') (Указанный объект не найден.)
\0&lt;/a&gt;
E, 3824, 44, 2011/03/26, 13:17:27.220, 37508512685931, QTAgent32.exe, Playback - [IMAGE] C:\Documents and Settings\manekovskiy\Local Settings\Temp\UITestLogs\LastRun\RPF4EF.png
\0
W, 3824, 44, 2011/03/26, 13:17:27.220, 37508513252577, QTAgent32.exe, Playback - [WARNING] Internal warning: Couldn't find descendants that match QueryId
\0
W, 3824, 44, 2011/03/26, 13:17:27.220, 37508514025180, QTAgent32.exe, PERF WARNING: FindTopLevelWindowHelper::FindAllDescendents: took 3801 ms. Expected it to take maximum 500 ms.
E, 3824, 44, 2011/03/26, 13:17:27.220, 37508514454961, QTAgent32.exe, Exception: System.Runtime.InteropServices.COMException
	Message: Error HRESULT E_FAIL has been returned from a call to a COM component.
	Stack Trace:    at Microsoft.VisualStudio.TestTools.UITest.Playback.Engine.IRPFPlayback.FindAllScreenElements(IScreenElement pScreenElementStart, String bstrQueryId, Object&amp; pvarResKeys, Int32 cResKeys, Int32 nMaxDepth, Object[]&amp; foundDescendants)
   at Microsoft.VisualStudio.TestTools.UITest.Playback.ScreenElement.FindTopLevelWindowHelper(String queryId)
	BaseExceptionMessage: Error HRESULT E_FAIL has been returned from a call to a COM component.

W, 3824, 44, 2011/03/26, 13:17:27.532, 37509261510951, QTAgent32.exe, Playback - [WARNING] Internal warning: Window Not Found: ControlType='Window' &amp;&amp; Name='MSN.com - Windows Internet Explorer' &amp;&amp; ClassName='IEFrame'
\0
E, 3824, 44, 2011/03/26, 13:17:27.532, 37509262062935, QTAgent32.exe, &lt;a class=failure&gt;Playback - {22} [FAILED] Function ElementFetcher::FindScreenElement failed to locate UI element (Searching: ;ControlType='Window' &amp;&amp; Name='MSN.com - Windows Internet Explorer' &amp;&amp; ClassName='IEFrame') (Указанный объект не найден.)
\0&lt;/a&gt;
E, 3824, 44, 2011/03/26, 13:17:27.610, 37509506042667, QTAgent32.exe, Playback - [IMAGE] C:\Documents and Settings\manekovskiy\Local Settings\Temp\UITestLogs\LastRun\RPF4F0.png
\0
W, 3824, 44, 2011/03/26, 13:17:27.610, 37509506404590, QTAgent32.exe, Playback - [WARNING] Internal warning: Couldn't find descendants that match QueryId
\0
W, 3824, 44, 2011/03/26, 13:17:27.938, 37510295722812, QTAgent32.exe, Playback - [WARNING] Internal warning: Window Not Found: ControlType='Window' &amp;&amp; Name='MSN.com - Windows Internet Explorer' &amp;&amp; ClassName='IEFrame'
\0
E, 3824, 44, 2011/03/26, 13:17:27.938, 37510296222785, QTAgent32.exe, &lt;a class=failure&gt;Playback - {23} [FAILED] Function ElementFetcher::FindScreenElement failed to locate UI element (Searching: ;ControlType='Window' &amp;&amp; Name='MSN.com - Windows Internet Explorer' &amp;&amp; ClassName='IEFrame') (Указанный объект не найден.)
\0&lt;/a&gt;
E, 3824, 44, 2011/03/26, 13:17:28.032, 37510513631985, QTAgent32.exe, Playback - [IMAGE] C:\Documents and Settings\manekovskiy\Local Settings\Temp\UITestLogs\LastRun\RPF4F1.png
\0
W, 3824, 44, 2011/03/26, 13:17:28.032, 37510514199517, QTAgent32.exe, Playback - [WARNING] Internal warning: Couldn't find descendants that match QueryId
\0
W, 3824, 44, 2011/03/26, 13:17:28.595, 37511925909030, QTAgent32.exe, Playback - [WARNING] Internal warning: Smart Match failed
\0
W, 3824, 44, 2011/03/26, 13:17:29.438, 37514045301525, QTAgent32.exe, Playback - [WARNING] Internal warning: Smart Match failed
\0
W, 3824, 44, 2011/03/26, 13:17:30.282, 37516149463837, QTAgent32.exe, Playback - [WARNING] Internal warning: Smart Match failed
\0
W, 3824, 44, 2011/03/26, 13:17:31.126, 37518253899322, QTAgent32.exe, Playback - [WARNING] Internal warning: Smart Match failed
\0
W, 3824, 44, 2011/03/26, 13:17:31.860, 37520101050584, QTAgent32.exe, Playback - [WARNING] Internal warning: Window Not Found: ControlType='Window' &amp;&amp; Name='MSN.com - Windows Internet Explorer' &amp;&amp; ClassName='IEFrame'
\0
E, 3824, 44, 2011/03/26, 13:17:31.860, 37520101526025, QTAgent32.exe, &lt;a class=failure&gt;Playback - {24} [FAILED] Function ElementFetcher::FindScreenElement failed to locate UI element (Searching: ;ControlType='Window' &amp;&amp; Name='MSN.com - Windows Internet Explorer' &amp;&amp; ClassName='IEFrame') (Указанный объект не найден.)
\0&lt;/a&gt;
E, 3824, 44, 2011/03/26, 13:17:31.954, 37520331305265, QTAgent32.exe, Playback - [IMAGE] C:\Documents and Settings\manekovskiy\Local Settings\Temp\UITestLogs\LastRun\RPF4F2.png
\0
W, 3824, 44, 2011/03/26, 13:17:31.954, 37520331877496, QTAgent32.exe, Playback - [WARNING] Internal warning: Couldn't find descendants that match QueryId
\0
W, 3824, 44, 2011/03/26, 13:17:31.954, 37520332666300, QTAgent32.exe, PERF WARNING: FindTopLevelWindowHelper::FindAllDescendents: took 3936 ms. Expected it to take maximum 500 ms.
E, 3824, 44, 2011/03/26, 13:17:31.954, 37520333085675, QTAgent32.exe, Exception: System.Runtime.InteropServices.COMException
	Message: Error HRESULT E_FAIL has been returned from a call to a COM component.
	Stack Trace:    at Microsoft.VisualStudio.TestTools.UITest.Playback.Engine.IRPFPlayback.FindAllScreenElements(IScreenElement pScreenElementStart, String bstrQueryId, Object&amp; pvarResKeys, Int32 cResKeys, Int32 nMaxDepth, Object[]&amp; foundDescendants)
   at Microsoft.VisualStudio.TestTools.UITest.Playback.ScreenElement.FindTopLevelWindowHelper(String queryId)
	BaseExceptionMessage: Error HRESULT E_FAIL has been returned from a call to a COM component.

W, 3824, 44, 2011/03/26, 13:17:32.079, 37520628541288, QTAgent32.exe, IEDOM : StopSession of the plugin called before StartSession
W, 3824, 44, 2011/03/26, 13:17:32.079, 37520628788163, QTAgent32.exe, UIA : StopSession of the plugin called before StartSession
</DebugTrace>
        <ErrorInfo>
          <Message>Test method GoogleCalculatorTests.CodedUITest1.CodedUITestMethod1 threw exception: 
Microsoft.VisualStudio.TestTools.UITest.Extension.UITestControlNotFoundException: Unable to find the top level element of the control ---&gt; Microsoft.VisualStudio.TestTools.UITest.Extension.UITestControlNotFoundException: Unable to find Windows Internet Explorer window with 'MSN.com - Windows Internet Explorer' in the title. ---&gt; Microsoft.VisualStudio.TestTools.UITest.Extension.UITestControlNotFoundException: The playback failed to find the control with the given search properties. Additional Details: 
TechnologyName:  'MSAA'
ControlType:  'Window'
Name:  'MSN.com - Windows Internet Explorer'
ClassName:  'IEFrame'
 ---&gt; System.Runtime.InteropServices.COMException: Error HRESULT E_FAIL has been returned from a call to a COM component.</Message>
          <StackTrace>    at Microsoft.VisualStudio.TestTools.UITest.Playback.Engine.IRPFPlayback.FindAllScreenElements(IScreenElement pScreenElementStart, String bstrQueryId, Object&amp; pvarResKeys, Int32 cResKeys, Int32 nMaxDepth, Object[]&amp; foundDescendants)
   at Microsoft.VisualStudio.TestTools.UITest.Playback.ScreenElement.FindTopLevelWindowHelper(String queryId)
   at Microsoft.VisualStudio.TestTools.UITest.Playback.ScreenElement.FindFromPartialQueryId(String queryId)
   at Microsoft.VisualStudio.TestTools.UITesting.UITestControl..ctor(String queryId)
 --- End of inner exception stack trace ---
    at Microsoft.VisualStudio.TestTools.UITesting.Playback.MapControlNotFoundException(COMException ex, IPlaybackContext context)
   at Microsoft.VisualStudio.TestTools.UITesting.Playback.MapAndThrowComException(COMException innerException, IPlaybackContext context)
   at Microsoft.VisualStudio.TestTools.UITesting.Playback.MapAndThrowException(SystemException exception, IPlaybackContext context)
   at Microsoft.VisualStudio.TestTools.UITesting.Playback.MapAndThrowException(SystemException exception, String queryId)
   at Microsoft.VisualStudio.TestTools.UITesting.UITestControl..ctor(String queryId)
   at Microsoft.VisualStudio.TestTools.UITesting.SearchHelper.SearchTopLevelWindow(ISearchArgument topLevelSearchArg, String topLevelElementQueryId)
   at Microsoft.VisualStudio.TestTools.UITesting.SearchHelper.GetTitleUpdatedTopLevelWindow(ISearchArgument topLevelSearchArg, String queryId, IList`1 windowTitles)
   at Microsoft.VisualStudio.TestTools.UITesting.SearchHelper.GetTopLevelElement(Boolean useCache, Boolean useCacheOnly, ISearchArgument searchArg, IList`1 windowTitles, Int32&amp; timeLeft)
   at Microsoft.VisualStudio.TestTools.UITesting.SearchHelper.GetElement(Boolean useCache, ISearchArgument searchArg)
   at Microsoft.VisualStudio.TestTools.UITesting.SearchHelper.Search(ISearchArgument searchArg)
   at Microsoft.VisualStudio.TestTools.UITesting.UITestControl.FindInternal()
   at Microsoft.VisualStudio.TestTools.UITesting.UITestControl.Find()
   at Microsoft.VisualStudio.TestTools.UITesting.IEBrowserService.Locate(PropertyExpressionCollection searchProperties, PropertyExpressionCollection filterProperties, Boolean findAll)
 --- End of inner exception stack trace ---
    at Microsoft.VisualStudio.TestTools.UITesting.IEBrowserService.Locate(PropertyExpressionCollection searchProperties, PropertyExpressionCollection filterProperties, Boolean findAll)
   at Microsoft.VisualStudio.TestTools.UITesting.IEBrowserFactory.Locate(PropertyExpressionCollection searchProperties, PropertyExpressionCollection filterProperties)
   at Microsoft.VisualStudio.TestTools.UITesting.SearchHelper.SearchTopLevelWindow(ISearchArgument topLevelSearchArg, String topLevelElementQueryId)
   at Microsoft.VisualStudio.TestTools.UITesting.SearchHelper.SearchUsingMultipleTitles(ISearchArgument topLevelSearchArg, QueryId topLevelQueryId, IList`1 windowTitles)
 --- End of inner exception stack trace ---
    at Microsoft.VisualStudio.TestTools.UITesting.SearchHelper.SearchUsingMultipleTitles(ISearchArgument topLevelSearchArg, QueryId topLevelQueryId, IList`1 windowTitles)
   at Microsoft.VisualStudio.TestTools.UITesting.SearchHelper.GetTitleUpdatedTopLevelWindow(ISearchArgument topLevelSearchArg, String queryId, IList`1 windowTitles)
   at Microsoft.VisualStudio.TestTools.UITesting.SearchHelper.GetTopLevelElement(Boolean useCache, Boolean useCacheOnly, ISearchArgument searchArg, IList`1 windowTitles, Int32&amp; timeLeft)
   at Microsoft.VisualStudio.TestTools.UITesting.SearchHelper.GetElement(Boolean useCache, ISearchArgument searchArg)
   at Microsoft.VisualStudio.TestTools.UITesting.SearchHelper.Search(ISearchArgument searchArg)
   at Microsoft.VisualStudio.TestTools.UITesting.UITestControl.FindInternal()
   at Microsoft.VisualStudio.TestTools.UITesting.ApplicationUnderTest.Find()
   at Microsoft.VisualStudio.TestTools.UITesting.UITestControl.GetProperty(String propertyName)
   at Microsoft.VisualStudio.TestTools.UITesting.UITestControl.GetPropertyInternal[T](String propertyName)
   at Microsoft.VisualStudio.TestTools.UITesting.UITestControl.get_WindowHandle()
   at Microsoft.VisualStudio.TestTools.UITesting.BrowserWindow.get_BrowserService()
   at Microsoft.VisualStudio.TestTools.UITesting.BrowserWindow.NavigateToUrl(Uri uri)
   at GoogleCalculatorTests.UIMap.TestAddOperatorInGoogleSearch() in D:\MAS\13НС9-1С\02-UserDirs\Manekovskiy\Software Testing\GoogleCalculatorTests\UIMap.Designer.cs:line 44
   at GoogleCalculatorTests.CodedUITest1.CodedUITestMethod1() in D:\MAS\13НС9-1С\02-UserDirs\Manekovskiy\Software Testing\GoogleCalculatorTests\CodedUITest1.cs:line 30
</StackTrace>
        </ErrorInfo>
      </Output>
      <ResultFiles>
        <ResultFile path="A1COMP1\CodedUITestMethod1.png" />
      </ResultFiles>
      <ExtensionResult>Exception has been thrown by the target of an invocation.</ExtensionResult>
    </UnitTestResult>
  </Results>
</TestRun>